#
# A fatal error has been detected by the Java Runtime Environment:
#
#  EXCEPTION_ACCESS_VIOLATION (0xc0000005) at pc=0x0000026f43d62c0a, pid=12620, tid=14428
#
# JRE version: Java(TM) SE Runtime Environment (15.0.1+9) (build 15.0.1+9-18)
# Java VM: Java HotSpot(TM) 64-Bit Server VM (15.0.1+9-18, mixed mode, sharing, tiered, compressed oops, g1 gc, windows-amd64)
# Problematic frame:
# J 5302 c1 com.sun.tools.javac.code.Types$15.visitClassType(Lcom/sun/tools/javac/code/Type$ClassType;Ljava/lang/Void;)Lcom/sun/tools/javac/code/Type; jdk.compiler@15.0.1 (130 bytes) @ 0x0000026f43d62c0a [0x0000026f43d619e0+0x000000000000122a]
#
# No core dump will be written. Minidumps are not enabled by default on client versions of Windows
#
# If you would like to submit a bug report, please visit:
#   https://bugreport.java.com/bugreport/crash.jsp
#

---------------  S U M M A R Y ------------

Command Line: -Dclassworlds.conf=C:\Program Files\NetBeans-12.3\netbeans\java\maven\bin\..\bin\m2.conf -Dmaven.home=C:\Program Files\NetBeans-12.3\netbeans\java\maven\bin\.. -Dlibrary.jansi.path=C:\Program Files\NetBeans-12.3\netbeans\java\maven\bin\..\lib\jansi-native -Dmaven.multiModuleProjectDirectory=C:\Users\Ususario\OneDrive - Universidad Fidélitas\Documentos\U fidelitas\2021\Lenguaje de base de Datos PL SQL\Factura-Electronica-java org.codehaus.plexus.classworlds.launcher.Launcher -Dnetbeans.deploy.debugmode=true -Dnetbeans.deploy=true -Dmaven.ext.class.path=C:\Program Files\NetBeans-12.3\netbeans\java\maven-nblib\netbeans-eventspy.jar -Dfile.encoding=UTF-8 package

Host: Intel(R) Core(TM) i7-4770 CPU @ 3.40GHz, 8 cores, 15G,  Windows 10 , 64 bit Build 19041 (10.0.19041.1151)
Time: Mon Aug 23 23:59:56 2021 Central America Standard Time elapsed time: 5.180714 seconds (0d 0h 0m 5s)

---------------  T H R E A D  ---------------

Current thread (0x0000026f38b69f80):  JavaThread "main" [_thread_in_Java, id=14428, stack(0x0000007b49c00000,0x0000007b49d00000)]

Stack: [0x0000007b49c00000,0x0000007b49d00000],  sp=0x0000007b49cfc540,  free space=1009k
Native frames: (J=compiled Java code, j=interpreted, Vv=VM code, C=native code)
C  0x0000026f43d62c0a


siginfo: EXCEPTION_ACCESS_VIOLATION (0xc0000005), reading address 0x00000006d250fa80


Register to memory mapping:

RIP=0x0000026f43d62c0a is at entry_point+4650 in (nmethod*)0x0000026f43d61710
RAX=0x0000000708cceb80 is an oop: com.sun.tools.javac.code.Type$ErasedClassType 
{0x0000000708cceb80} - klass: 'com/sun/tools/javac/code/Type$ErasedClassType'
RBX=0x0000007b49cfc440 is pointing into the stack for thread: 0x0000026f38b69f80
RCX=0x0000000000000001 is an unknown value
RDX=0x0000000800ddb168 is a pointer to class: 
com.sun.tools.javac.code.Type$ErasedClassType {0x0000000800ddb170}
RSP=0x0000007b49cfc540 is pointing into the stack for thread: 0x0000026f38b69f80
RBP=0x0000007b49cfcca0 is pointing into the stack for thread: 0x0000026f38b69f80
RSI=0x0000000000000008 is an unknown value
RDI=0x0000026f63a70848 is pointing into metadata
R8 =0x0000000709d1f590 is an oop: com.sun.tools.javac.code.Type$ClassType 
{0x0000000709d1f590} - klass: 'com/sun/tools/javac/code/Type$ClassType'
R9 =0x0000000701a00368 is an oop: com.sun.tools.javac.util.List$1 
{0x0000000701a00368} - klass: 'com/sun/tools/javac/util/List$1'
R10=3776552304 is a compressed pointer to object: com.sun.tools.javac.code.Type$ErasedClassType 
{0x0000000708cceb80} - klass: 'com/sun/tools/javac/code/Type$ErasedClassType'
R11=0x0000026f43f5eba0 is at entry_point+32 in (nmethod*)0x0000026f43f5e990
R12=0x0 is NULL
R13=0x0000026f43ed156c is at entry_point+1004 in (nmethod*)0x0000026f43ed0f90
R14=0x0000007b49cfc430 is pointing into the stack for thread: 0x0000026f38b69f80
R15=0x0000026f38b69f80 is a thread


Registers:
RAX=0x0000000708cceb80, RBX=0x0000007b49cfc440, RCX=0x0000000000000001, RDX=0x0000000800ddb168
RSP=0x0000007b49cfc540, RBP=0x0000007b49cfcca0, RSI=0x0000000000000008, RDI=0x0000026f63a70848
R8 =0x0000000709d1f590, R9 =0x0000000701a00368, R10=0x00000000e1199d70, R11=0x0000026f43f5eba0
R12=0x0000000000000000, R13=0x0000026f43ed156c, R14=0x0000007b49cfc430, R15=0x0000026f38b69f80
RIP=0x0000026f43d62c0a, EFLAGS=0x0000000000010202

Top of Stack: (sp=0x0000007b49cfc540)
0x0000007b49cfc540:   0000026f438a7724 0000000702754430
0x0000007b49cfc550:   00000007103bef60 0000000709955260
0x0000007b49cfc560:   0000026f3acda1c0 0000000763b1bf78
0x0000007b49cfc570:   0000000000000000 0000000063af8b30
0x0000007b49cfc580:   0000007b49cfc720 0000026f635ad540
0x0000007b49cfc590:   0000007b635ad590 40019999635a8678
0x0000007b49cfc5a0:   0000007b49cfc618 0000026f42f19bc0
0x0000007b49cfc5b0:   0000000000000000 0000026f42f19bc0
0x0000007b49cfc5c0:   00000007026d2038 0000000702755750
0x0000007b49cfc5d0:   0000000709d1f590 0000000702754800
0x0000007b49cfc5e0:   0000000709d18a00 0000000709d18a00
0x0000007b49cfc5f0:   0000000701a00368 0000000709d189b0
0x0000007b49cfc600:   0000000702754430 0000000000000000
0x0000007b49cfc610:   0000007b49cfcca0 0000026f4ab5055c
0x0000007b49cfc620:   0000000000000002 00000007103bef60
0x0000007b49cfc630:   0000007b49cfc630 0000026f639d94dd 

Instructions: (pc=0x0000026f43d62c0a)
0x0000026f43d62b0a:   89 54 24 08 48 c7 04 24 ff ff ff ff e8 65 d3 2a
0x0000026f43d62b1a:   ff e9 fe f9 ff ff e8 7b 7c 2a ff 49 ba a8 aa 4e
0x0000026f43d62b2a:   63 6f 02 00 00 4c 89 54 24 08 48 c7 04 24 ff ff
0x0000026f43d62b3a:   ff ff e8 3f d3 2a ff e9 3c fa ff ff 48 89 04 24
0x0000026f43d62b4a:   e8 51 a3 2a ff e8 4c 7c 2a ff 49 ba d0 1e 34 63
0x0000026f43d62b5a:   6f 02 00 00 4c 89 54 24 08 48 c7 04 24 ff ff ff
0x0000026f43d62b6a:   ff e8 10 d3 2a ff e9 bf fc ff ff e8 26 7c 2a ff
0x0000026f43d62b7a:   41 8b 70 24 48 c1 e6 03 48 83 fe 00 0f 84 ae fd
0x0000026f43d62b8a:   ff ff 48 89 34 24 e8 eb d8 2a ff e9 a0 fd ff ff
0x0000026f43d62b9a:   48 83 f8 00 0f 84 b5 fd ff ff 4c 89 04 24 e8 d3
0x0000026f43d62baa:   db 2a ff e9 a7 fd ff ff 41 8b 70 24 48 c1 e6 03
0x0000026f43d62bba:   48 83 fe 00 0f 84 c8 fd ff ff 48 89 34 24 e8 b3
0x0000026f43d62bca:   d8 2a ff e9 ba fd ff ff 48 83 f8 00 0f 84 cf fd
0x0000026f43d62bda:   ff ff 4c 89 04 24 e8 9b db 2a ff e9 c1 fd ff ff
0x0000026f43d62bea:   41 8b 70 24 48 c1 e6 03 48 83 fe 00 0f 84 c2 fd
0x0000026f43d62bfa:   ff ff 48 89 34 24 e8 7b d8 2a ff e9 b4 fd ff ff
0x0000026f43d62c0a:   48 83 b8 00 0f 84 c9 fd ff ff 4c 89 04 24 e8 63
0x0000026f43d62c1a:   db 2a ff e9 bb fd ff ff 90 90 49 8b 87 00 04 00
0x0000026f43d62c2a:   00 49 ba 00 00 00 00 00 00 00 00 4d 89 97 00 04
0x0000026f43d62c3a:   00 00 49 ba 00 00 00 00 00 00 00 00 4d 89 97 08
0x0000026f43d62c4a:   04 00 00 48 81 c4 d0 00 00 00 5d e9 26 69 2a ff
0x0000026f43d62c5a:   f4 f4 f4 f4 f4 f4 0f 1f 44 00 00 48 bb b8 04 46
0x0000026f43d62c6a:   63 6f 02 00 00 e9 69 aa 1f ff 90 48 bb 00 00 00
0x0000026f43d62c7a:   00 00 00 00 00 e9 fb ff ff ff 90 48 bb 00 00 00
0x0000026f43d62c8a:   00 00 00 00 00 e9 fb ff ff ff 90 48 bb 00 00 00
0x0000026f43d62c9a:   00 00 00 00 00 e9 fb ff ff ff 90 48 bb 00 00 00
0x0000026f43d62caa:   00 00 00 00 00 e9 fb ff ff ff 90 48 bb 00 00 00
0x0000026f43d62cba:   00 00 00 00 00 e9 fb ff ff ff 90 48 bb 00 00 00
0x0000026f43d62cca:   00 00 00 00 00 e9 fb ff ff ff 90 48 bb 00 00 00
0x0000026f43d62cda:   00 00 00 00 00 e9 fb ff ff ff 90 48 bb b8 f0 91
0x0000026f43d62cea:   63 6f 02 00 00 e9 75 3f 20 ff e8 87 9b 2a ff 48
0x0000026f43d62cfa:   b9 e0 ea 99 dc ff 7f 00 00 48 83 e4 f0 49 ba a0 


Stack slot to memory mapping:
stack at sp + 0 slots: 0x0000026f438a7724 is at entry_point+4548 in (nmethod*)0x0000026f438a5e10
stack at sp + 1 slots: 0x0000000702754430 is an oop: com.sun.tools.javac.code.Types 
{0x0000000702754430} - klass: 'com/sun/tools/javac/code/Types'
stack at sp + 2 slots: 0x00000007103bef60 is an oop: com.sun.tools.javac.code.Symbol$ClassSymbol 
{0x00000007103bef60} - klass: 'com/sun/tools/javac/code/Symbol$ClassSymbol'
stack at sp + 3 slots: 0x0000000709955260 is an oop: com.sun.tools.javac.code.Symbol$VarSymbol 
{0x0000000709955260} - klass: 'com/sun/tools/javac/code/Symbol$VarSymbol'
stack at sp + 4 slots: 0x0000026f3acda1c0 points into unknown readable memory: 0x00007fffdc9b2da0 | a0 2d 9b dc ff 7f 00 00
stack at sp + 5 slots: 
[error occurred during error reporting (inspecting top of stack), id 0xc0000005, EXCEPTION_ACCESS_VIOLATION (0xc0000005) at pc=0x00007fffdc3e8542]

--------------------------------------------------------------------------------
[Constant Pool (empty)]

--------------------------------------------------------------------------------

[MachCode]
  0x0000026f43d619e0: 448b 5208 | 49c1 e203 | 49bb 0000 | 0000 0800 | 0000 4d03 | d34c 3bd0 | 0f85 02aa | 1fff 6690 
  0x0000026f43d61a00: 8984 2400 | 90ff ff55 | 4881 ecd0 | 0000 0048 | 8994 2498 | 0000 004c | 8984 2490 | 0000 0048 
  0x0000026f43d61a20: be68 71a8 | 636f 0200 | 008b be04 | 0100 0083 | c702 89be | 0401 0000 | 81e7 fe07 | 0000 83ff 
  0x0000026f43d61a40: 000f 84c1 | 0f00 0041 | 8b70 2448 | c1e6 0348 | 83fe 0048 | be68 71a8 | 636f 0200 | 0048 bf48 
  0x0000026f43d61a60: 0100 0000 | 0000 000f | 850a 0000 | 0048 bf58 | 0100 0000 | 0000 0048 | 8b1c 3e48 | 8d5b 0148 
  0x0000026f43d61a80: 891c 3e0f | 8564 0f00 | 0041 8b70 | 1048 c1e6 | 0348 83fe | 0075 1648 | bb68 71a8 | 636f 0200 
  0x0000026f43d61aa0: 0080 8b61 | 0100 0001 | e9da 0000 | 0048 b8d0 | 1cda 0008 | 0000 008b | 7e08 48c1 | e703 49ba 
  0x0000026f43d61ac0: 0000 0000 | 0800 0000 | 4903 fa48 | 3bc7 0f85 | 9700 0000 | 48bb 6871 | a863 6f02 | 0000 8b46 
  0x0000026f43d61ae0: 0848 c1e0 | 0349 ba00 | 0000 0008 | 0000 0049 | 03c2 483b | 8378 0100 | 0075 0d48 | 8383 8001 
  0x0000026f43d61b00: 0000 01e9 | 7f00 0000 | 483b 8388 | 0100 0075 | 0d48 8383 | 9001 0000 | 01e9 6900 | 0000 4881 
  0x0000026f43d61b20: bb78 0100 | 0000 0000 | 0075 1748 | 8983 7801 | 0000 48c7 | 8380 0100 | 0001 0000 | 00e9 4500 
  0x0000026f43d61b40: 0000 4881 | bb88 0100 | 0000 0000 | 0075 1748 | 8983 8801 | 0000 48c7 | 8390 0100 | 0001 0000 
  0x0000026f43d61b60: 00e9 2100 | 0000 e91c | 0000 0048 | bb68 71a8 | 636f 0200 | 0048 83ab | 6801 0000 | 01e9 ac0e 
  0x0000026f43d61b80: 0000 e900 | 0000 0048 | 3b06 488b | fe48 bb68 | 71a8 636f | 0200 0049 | bad0 1cda | 0008 0000 
  0x0000026f43d61ba0: 004c 8993 | b001 0000 | 4883 83b8 | 0100 0001 | 488b d60f | 1f40 00e8 | a910 0000 | 4c8b 8424 
  0x0000026f43d61bc0: 9000 0000 | 48ba 6871 | a863 6f02 | 0000 458b | 4008 49c1 | e003 49ba | 0000 0000 | 0800 0000 
  0x0000026f43d61be0: 4d03 c24c | 3b82 e801 | 0000 750d | 4883 82f0 | 0100 0001 | e966 0000 | 004c 3b82 | f801 0000 
  0x0000026f43d61c00: 750d 4883 | 8200 0200 | 0001 e950 | 0000 0048 | 81ba e801 | 0000 0000 | 0000 7517 | 4c89 82e8 
  0x0000026f43d61c20: 0100 0048 | c782 f001 | 0000 0100 | 0000 e92c | 0000 0048 | 81ba f801 | 0000 0000 | 0000 7517 
  0x0000026f43d61c40: 4c89 82f8 | 0100 0048 | c782 0002 | 0000 0100 | 0000 e908 | 0000 0048 | 8382 d801 | 0000 0148 
  0x0000026f43d61c60: 8b94 2490 | 0000 0048 | 8984 24a0 | 0000 0066 | 0f1f 4400 | 0048 b8ff | ffff ffff | ffff ffe8 
  0x0000026f43d61c80: 5c2d 2bff | 83f8 0049 | b868 71a8 | 636f 0200 | 0049 b920 | 0200 0000 | 0000 000f | 850a 0000 
  0x0000026f43d61ca0: 0049 b910 | 0200 0000 | 0000 004b | 8b14 0848 | 8d52 014b | 8914 080f | 8515 0000 | 0048 8b84 
  0x0000026f43d61cc0: 24a0 0000 | 004c 8b84 | 2490 0000 | 00e9 1c01 | 0000 4c8b | 8424 9000 | 0000 458b | 4810 49c1 
  0x0000026f43d61ce0: e103 458b | 491c 49c1 | e103 4983 | f900 7516 | 48be 6871 | a863 6f02 | 0000 808e | 2902 0000 
  0x0000026f43d61d00: 01e9 dd00 | 0000 48bf | 18ad d700 | 0800 0000 | 418b 7108 | 48c1 e603 | 49ba 0000 | 0000 0800 
  0x0000026f43d61d20: 0000 4903 | f248 3b7e | 480f 8598 | 0000 0048 | be68 71a8 | 636f 0200 | 0041 8b79 | 0848 c1e7 
  0x0000026f43d61d40: 0349 ba00 | 0000 0008 | 0000 0049 | 03fa 483b | be40 0200 | 0075 0d48 | 8386 4802 | 0000 01e9 
  0x0000026f43d61d60: 7f00 0000 | 483b be50 | 0200 0075 | 0d48 8386 | 5802 0000 | 01e9 6900 | 0000 4881 | be40 0200 
  0x0000026f43d61d80: 0000 0000 | 0075 1748 | 89be 4002 | 0000 48c7 | 8648 0200 | 0001 0000 | 00e9 4500 | 0000 4881 
  0x0000026f43d61da0: be50 0200 | 0000 0000 | 0075 1748 | 89be 5002 | 0000 48c7 | 8658 0200 | 0001 0000 | 00e9 2100 
  0x0000026f43d61dc0: 0000 e91c | 0000 0048 | be68 71a8 | 636f 0200 | 0048 83ae | 3002 0000 | 01e9 630c | 0000 e900 
  0x0000026f43d61de0: 0000 0045 | 8b49 2449 | c1e1 0349 | 8bc1 458b | 4824 49c1 | e103 4983 | f900 49b9 | 6871 a863 
  0x0000026f43d61e00: 6f02 0000 | 48ba 6802 | 0000 0000 | 0000 0f85 | 0a00 0000 | 48ba 7802 | 0000 0000 | 0000 498b 
  0x0000026f43d61e20: 3411 488d | 7601 4989 | 3411 0f85 | bd0b 0000 | 4889 8424 | a800 0000 | 488b 9424 | 9800 0000 
  0x0000026f43d61e40: 448b 4a0c | 49c1 e103 | 493b 0149 | 8bf1 48bf | 6871 a863 | 6f02 0000 | 49ba b04d | dd00 0800 
  0x0000026f43d61e60: 0000 4c89 | 9798 0200 | 0048 8387 | a002 0000 | 0148 be50 | 79a8 636f | 0200 008b | be04 0100 
  0x0000026f43d61e80: 0083 c702 | 89be 0401 | 0000 81e7 | feff 1f00 | 83ff 000f | 84bb 0b00 | 0045 8b89 | 8000 0000 
  0x0000026f43d61ea0: 49c1 e103 | 493b 0149 | 8bf1 48bf | 5079 a863 | 6f02 0000 | 4883 8748 | 0100 0001 | 48be a0dd 
  0x0000026f43d61ec0: a763 6f02 | 0000 8bbe | 0401 0000 | 83c7 0289 | be04 0100 | 0081 e7fe | ff1f 0083 | ff00 0f84 
  0x0000026f43d61ee0: 960b 0000 | 498b f048 | bfa0 dda7 | 636f 0200 | 008b 7608 | 48c1 e603 | 49ba 0000 | 0000 0800 
  0x0000026f43d61f00: 0000 4903 | f248 3bb7 | 5801 0000 | 750d 4883 | 8760 0100 | 0001 e966 | 0000 0048 | 3bb7 6801 
  0x0000026f43d61f20: 0000 750d | 4883 8770 | 0100 0001 | e950 0000 | 0048 81bf | 5801 0000 | 0000 0000 | 7517 4889 
  0x0000026f43d61f40: b758 0100 | 0048 c787 | 6001 0000 | 0100 0000 | e92c 0000 | 0048 81bf | 6801 0000 | 0000 0000 
  0x0000026f43d61f60: 7517 4889 | b768 0100 | 0048 c787 | 7001 0000 | 0100 0000 | e908 0000 | 0048 8387 | 4801 0000 
  0x0000026f43d61f80: 0149 8bf0 | 4d8b c149 | b900 0000 | 0000 0000 | 0048 8bd6 | 9048 b8ff | ffff ffff | ffff ffe8 
  0x0000026f43d61fa0: ac0b 2dff | 4883 f800 | 7516 48bf | 5079 a863 | 6f02 0000 | 808f 7901 | 0000 01e9 | db00 0000 
  0x0000026f43d61fc0: 48bb 20a1 | d700 0800 | 0000 8b78 | 0848 c1e7 | 0349 ba00 | 0000 0008 | 0000 0049 | 03fa 483b 
  0x0000026f43d61fe0: 5f40 0f85 | 9700 0000 | 48bf 5079 | a863 6f02 | 0000 8b58 | 0848 c1e3 | 0349 ba00 | 0000 0008 
  0x0000026f43d62000: 0000 0049 | 03da 483b | 9f90 0100 | 0075 0d48 | 8387 9801 | 0000 01e9 | 7f00 0000 | 483b 9fa0 
  0x0000026f43d62020: 0100 0075 | 0d48 8387 | a801 0000 | 01e9 6900 | 0000 4881 | bf90 0100 | 0000 0000 | 0075 1748 
  0x0000026f43d62040: 899f 9001 | 0000 48c7 | 8798 0100 | 0001 0000 | 00e9 4500 | 0000 4881 | bfa0 0100 | 0000 0000 
  0x0000026f43d62060: 0075 1748 | 899f a001 | 0000 48c7 | 87a8 0100 | 0001 0000 | 00e9 2100 | 0000 e91c | 0000 0048 
  0x0000026f43d62080: bf50 79a8 | 636f 0200 | 0048 83af | 8001 0000 | 01e9 050a | 0000 e900 | 0000 0048 | 8bd0 483b 
  0x0000026f43d620a0: 0248 8bf2 | 48bf 6871 | a863 6f02 | 0000 8b76 | 0848 c1e6 | 0349 ba00 | 0000 0008 | 0000 0049 
  0x0000026f43d620c0: 03f2 483b | b7d0 0200 | 0075 0d48 | 8387 d802 | 0000 01e9 | 6600 0000 | 483b b7e0 | 0200 0075 
  0x0000026f43d620e0: 0d48 8387 | e802 0000 | 01e9 5000 | 0000 4881 | bfd0 0200 | 0000 0000 | 0075 1748 | 89b7 d002 
  0x0000026f43d62100: 0000 48c7 | 87d8 0200 | 0001 0000 | 00e9 2c00 | 0000 4881 | bfe0 0200 | 0000 0000 | 0075 1748 
  0x0000026f43d62120: 89b7 e002 | 0000 48c7 | 87e8 0200 | 0001 0000 | 00e9 0800 | 0000 4883 | 87c0 0200 | 0001 0f1f 
  0x0000026f43d62140: 8000 0000 | 0048 b8ff | ffff ffff | ffff ffe8 | 1c0e 2dff | 4c8b 8424 | 9000 0000 | 418b 5010 
  0x0000026f43d62160: 48c1 e203 | 8b52 1c48 | c1e2 0348 | 3b02 488b | f248 bf68 | 71a8 636f | 0200 008b | 7608 48c1 
  0x0000026f43d62180: e603 49ba | 0000 0000 | 0800 0000 | 4903 f248 | 3bb7 0803 | 0000 750d | 4883 8710 | 0300 0001 
  0x0000026f43d621a0: e966 0000 | 0048 3bb7 | 1803 0000 | 750d 4883 | 8720 0300 | 0001 e950 | 0000 0048 | 81bf 0803 
  0x0000026f43d621c0: 0000 0000 | 0000 7517 | 4889 b708 | 0300 0048 | c787 1003 | 0000 0100 | 0000 e92c | 0000 0048 
  0x0000026f43d621e0: 81bf 1803 | 0000 0000 | 0000 7517 | 4889 b718 | 0300 0048 | c787 2003 | 0000 0100 | 0000 e908 
  0x0000026f43d62200: 0000 0048 | 8387 f802 | 0000 0148 | 8984 24b0 | 0000 0066 | 9048 b818 | add7 0008 | 0000 00e8 
  0x0000026f43d62220: bc34 0100 | 4c8b 8424 | 9000 0000 | 48ba 6871 | a863 6f02 | 0000 458b | 4008 49c1 | e003 49ba 
  0x0000026f43d62240: 0000 0000 | 0800 0000 | 4d03 c24c | 3b82 4003 | 0000 750d | 4883 8248 | 0300 0001 | e966 0000 
  0x0000026f43d62260: 004c 3b82 | 5003 0000 | 750d 4883 | 8258 0300 | 0001 e950 | 0000 0048 | 81ba 4003 | 0000 0000 
  0x0000026f43d62280: 0000 7517 | 4c89 8240 | 0300 0048 | c782 4803 | 0000 0100 | 0000 e92c | 0000 0048 | 81ba 5003 
  0x0000026f43d622a0: 0000 0000 | 0000 7517 | 4c89 8250 | 0300 0048 | c782 5803 | 0000 0100 | 0000 e908 | 0000 0048 
  0x0000026f43d622c0: 8382 3003 | 0000 0148 | 8b94 2490 | 0000 0048 | 8984 24b8 | 0000 0066 | 0f1f 4400 | 0048 b8ff 
  0x0000026f43d622e0: ffff ffff | ffff ffe8 | 440d 2dff | 83f8 0048 | ba68 71a8 | 636f 0200 | 0048 be68 | 0300 0000 
  0x0000026f43d62300: 0000 000f | 840a 0000 | 0048 be78 | 0300 0000 | 0000 0048 | 8b3c 3248 | 8d7f 0148 | 893c 320f 
  0x0000026f43d62320: 8431 0400 | 0048 8b84 | 24a8 0000 | 0048 8b94 | 2498 0000 | 008b 720c | 48c1 e603 | 483b 0648 
  0x0000026f43d62340: 8bd6 48bf | 6871 a863 | 6f02 0000 | 49ba b04d | dd00 0800 | 0000 4c89 | 9798 0300 | 0048 8387 
  0x0000026f43d62360: a003 0000 | 0148 ba50 | 7ba8 636f | 0200 008b | ba04 0100 | 0083 c702 | 89ba 0401 | 0000 81e7 
  0x0000026f43d62380: feff 1f00 | 83ff 000f | 842b 0700 | 0048 8bd6 | 48bf 507b | a863 6f02 | 0000 4883 | 8748 0100 
  0x0000026f43d623a0: 0001 48ba | 4808 a763 | 6f02 0000 | 8bba 0401 | 0000 83c7 | 0289 ba04 | 0100 0081 | e7fe ff1f 
  0x0000026f43d623c0: 0083 ff00 | 0f84 0f07 | 0000 483b | 0048 8bd0 | 48bf 4808 | a763 6f02 | 0000 8b52 | 0848 c1e2 
  0x0000026f43d623e0: 0349 ba00 | 0000 0008 | 0000 0049 | 03d2 483b | 9758 0100 | 0075 0d48 | 8387 6001 | 0000 01e9 
  0x0000026f43d62400: 6600 0000 | 483b 9768 | 0100 0075 | 0d48 8387 | 7001 0000 | 01e9 5000 | 0000 4881 | bf58 0100 
  0x0000026f43d62420: 0000 0000 | 0075 1748 | 8997 5801 | 0000 48c7 | 8760 0100 | 0001 0000 | 00e9 2c00 | 0000 4881 
  0x0000026f43d62440: bf68 0100 | 0000 0000 | 0075 1748 | 8997 6801 | 0000 48c7 | 8770 0100 | 0001 0000 | 00e9 0800 
  0x0000026f43d62460: 0000 4883 | 8748 0100 | 0001 488b | d048 89b4 | 24c0 0000 | 0048 8984 | 24a8 0000 | 0048 b828 
  0x0000026f43d62480: 97da 0008 | 0000 00e8 | 1435 f806 | 83f8 0049 | b848 08a7 | 636f 0200 | 0049 b980 | 0100 0000 
  0x0000026f43d624a0: 0000 000f | 840a 0000 | 0049 b990 | 0100 0000 | 0000 004b | 8b14 0848 | 8d52 014b | 8914 080f 
  0x0000026f43d624c0: 840d 0000 | 0048 8b84 | 24a8 0000 | 00e9 7702 | 0000 488b | b424 c000 | 0000 448b | 466c 49c1 
  0x0000026f43d624e0: e003 49b9 | 4808 a763 | 6f02 0000 | 4983 81a0 | 0100 0001 | 49b9 38d7 | 655e 6f02 | 0000 418b 
  0x0000026f43d62500: 9104 0100 | 0083 c202 | 4189 9104 | 0100 0081 | e2fe ff1f | 0083 fa00 | 0f84 e105 | 0000 49b9 
  0x0000026f43d62520: 38d7 655e | 6f02 0000 | 41ff 8158 | 0100 0049 | b938 d765 | 5e6f 0200 | 0041 ff81 | 6801 0000 
  0x0000026f43d62540: 493b 004d | 8bc8 48ba | 4808 a763 | 6f02 0000 | 4883 82b0 | 0100 0001 | 49b9 b80a | a763 6f02 
  0x0000026f43d62560: 0000 418b | 9104 0100 | 0083 c202 | 4189 9104 | 0100 0081 | e2fe ff1f | 0083 fa00 | 0f84 a305 
  0x0000026f43d62580: 0000 488b | 8424 a800 | 0000 49b9 | b80a a763 | 6f02 0000 | 8b40 0848 | c1e0 0349 | ba00 0000 
  0x0000026f43d625a0: 0008 0000 | 0049 03c2 | 493b 8158 | 0100 0075 | 0d49 8381 | 6001 0000 | 01e9 6600 | 0000 493b 
  0x0000026f43d625c0: 8168 0100 | 0075 0d49 | 8381 7001 | 0000 01e9 | 5000 0000 | 4981 b958 | 0100 0000 | 0000 0075 
  0x0000026f43d625e0: 1749 8981 | 5801 0000 | 49c7 8160 | 0100 0001 | 0000 00e9 | 2c00 0000 | 4981 b968 | 0100 0000 
  0x0000026f43d62600: 0000 0075 | 1749 8981 | 6801 0000 | 49c7 8170 | 0100 0001 | 0000 00e9 | 0800 0000 | 4983 8148 
  0x0000026f43d62620: 0100 0001 | 49b9 1886 | 6001 0700 | 0000 488b | 9424 a800 | 0000 0f1f | 8000 0000 | 0048 b828 
  0x0000026f43d62640: 97da 0008 | 0000 00e8 | 346f e806 | 4883 f800 | 7516 48bf | 4808 a763 | 6f02 0000 | 808f e101 
  0x0000026f43d62660: 0000 01e9 | db00 0000 | 48ba 20a1 | d700 0800 | 0000 8b78 | 0848 c1e7 | 0349 ba00 | 0000 0008 
  0x0000026f43d62680: 0000 0049 | 03fa 483b | 5740 0f85 | 9700 0000 | 48bf 4808 | a763 6f02 | 0000 8b50 | 0848 c1e2 
  0x0000026f43d626a0: 0349 ba00 | 0000 0008 | 0000 0049 | 03d2 483b | 97f8 0100 | 0075 0d48 | 8387 0002 | 0000 01e9 
  0x0000026f43d626c0: 7f00 0000 | 483b 9708 | 0200 0075 | 0d48 8387 | 1002 0000 | 01e9 6900 | 0000 4881 | bff8 0100 
  0x0000026f43d626e0: 0000 0000 | 0075 1748 | 8997 f801 | 0000 48c7 | 8700 0200 | 0001 0000 | 00e9 4500 | 0000 4881 
  0x0000026f43d62700: bf08 0200 | 0000 0000 | 0075 1748 | 8997 0802 | 0000 48c7 | 8710 0200 | 0001 0000 | 00e9 2100 
  0x0000026f43d62720: 0000 e91c | 0000 0048 | bf48 08a7 | 636f 0200 | 0048 83af | e801 0000 | 01e9 0804 | 0000 e900 
  0x0000026f43d62740: 0000 004c | 8bc0 498b | c04c 8b84 | 2490 0000 | 00e9 5a02 | 0000 488b | 8424 b800 | 0000 488b 
  0x0000026f43d62760: 9424 9800 | 0000 483b | 004c 8bc0 | 49b9 6871 | a863 6f02 | 0000 458b | 4008 49c1 | e003 49ba 
  0x0000026f43d62780: 0000 0000 | 0800 0000 | 4d03 c24d | 3b81 e803 | 0000 750d | 4983 81f0 | 0300 0001 | e966 0000 
  0x0000026f43d627a0: 004d 3b81 | f803 0000 | 750d 4983 | 8100 0400 | 0001 e950 | 0000 0049 | 81b9 e803 | 0000 0000 
  0x0000026f43d627c0: 0000 7517 | 4d89 81e8 | 0300 0049 | c781 f003 | 0000 0100 | 0000 e92c | 0000 0049 | 81b9 f803 
  0x0000026f43d627e0: 0000 0000 | 0000 7517 | 4d89 81f8 | 0300 0049 | c781 0004 | 0000 0100 | 0000 e908 | 0000 0049 
  0x0000026f43d62800: 8381 d803 | 0000 0149 | b810 e463 | 636f 0200 | 0045 8b88 | 0401 0000 | 4183 c102 | 4589 8804 
  0x0000026f43d62820: 0100 0041 | 81e1 feff | 1f00 4183 | f900 0f84 | 2003 0000 | 448b 4010 | 49c1 e003 | 4983 f800 
  0x0000026f43d62840: 49b8 10e4 | 6363 6f02 | 0000 49b9 | 4801 0000 | 0000 0000 | 0f84 0a00 | 0000 49b9 | 5801 0000 
  0x0000026f43d62860: 0000 0000 | 4b8b 3c08 | 488d 7f01 | 4b89 3c08 | 0f84 1c00 | 0000 49b8 | 10e4 6363 | 6f02 0000 
  0x0000026f43d62880: 41ff 8068 | 0100 0041 | b801 0000 | 00e9 0600 | 0000 41b8 | 0000 0000 | 4183 e001 | 4183 f800 
  0x0000026f43d628a0: 49b8 6871 | a863 6f02 | 0000 49b9 | 1004 0000 | 0000 0000 | 0f84 0a00 | 0000 49b9 | 2004 0000 
  0x0000026f43d628c0: 0000 0000 | 4b8b 3c08 | 488d 7f01 | 4b89 3c08 | 0f84 9800 | 0000 488b | bc24 b000 | 0000 8b52 
  0x0000026f43d628e0: 0c48 c1e2 | 0348 3b02 | 4c8b ca48 | be68 71a8 | 636f 0200 | 0049 bab0 | 4ddd 0008 | 0000 004c 
  0x0000026f43d62900: 8996 4004 | 0000 4883 | 8648 0400 | 0001 4c8b | 8424 a800 | 0000 4c8b | c866 0f1f | 4400 00e8 
  0x0000026f43d62920: 5cfb 1000 | 410f be77 | 3083 fe00 | 4c8b 8424 | 9000 0000 | 0f85 4002 | 0000 4c8b | d049 c1ea 
  0x0000026f43d62940: 0345 8950 | 2449 8bf0 | 4833 f048 | c1ee 1548 | 83fe 000f | 8541 0200 | 0048 b868 | 71a8 636f 
  0x0000026f43d62960: 0200 00ff | 8068 0400 | 00e9 7f00 | 0000 488b | 8424 a800 | 0000 4c8b | 8424 9000 | 0000 410f 
  0x0000026f43d62980: be77 3083 | fe00 0f85 | 2602 0000 | 4c8b d049 | c1ea 0345 | 8950 2449 | 8bf0 4833 | f048 c1ee 
  0x0000026f43d629a0: 1548 83fe | 000f 8527 | 0200 00e9 | 3d00 0000 | 410f be77 | 3083 fe00 | 0f85 2c02 | 0000 4c8b 
  0x0000026f43d629c0: d049 c1ea | 0345 8950 | 2449 8bf0 | 4833 f048 | c1ee 1548 | 83fe 000f | 852d 0200 | 0048 b868 
  0x0000026f43d629e0: 71a8 636f | 0200 00ff | 80c0 0300 | 0041 8b40 | 2448 c1e0 | 0348 81c4 | d000 0000 | 5d4d 8b97 
  0x0000026f43d62a00: 1001 0000 | 4185 02c3 | 49ba 003d | 9363 6f02 | 0000 4c89 | 5424 0848 | c704 24ff | ffff ffe8 
  0x0000026f43d62a20: 5cd4 2aff | e91e f0ff | ffe8 727d | 2aff 4889 | 3424 e869 | a42a ffe8 | 647d 2aff | e85f 7d2a 
  0x0000026f43d62a40: ff4c 890c | 24e8 56a4 | 2aff e851 | 7d2a ffe8 | 4c7d 2aff | 49ba 98db | 9163 6f02 | 0000 4c89 
  0x0000026f43d62a60: 5424 0848 | c704 24ff | ffff ffe8 | 10d4 2aff | e924 f4ff | ffe8 267d | 2aff 49ba | 28f3 8963 
  0x0000026f43d62a80: 6f02 0000 | 4c89 5424 | 0848 c704 | 24ff ffff | ffe8 ead3 | 2aff e949 | f4ff ff48 | 8904 24e8 
  0x0000026f43d62aa0: fca3 2aff | e8f7 7c2a | ffe8 f27c | 2aff e8ed | 7c2a ffe8 | e87c 2aff | 49ba c0cd | 9163 6f02 
  0x0000026f43d62ac0: 0000 4c89 | 5424 0848 | c704 24ff | ffff ffe8 | acd3 2aff | e9b4 f8ff | ff49 ba30 | cc91 636f 
  0x0000026f43d62ae0: 0200 004c | 8954 2408 | 48c7 0424 | ffff ffff | e88b d32a | ffe9 d0f8 | ffff e8a1 | 7c2a ff49 
  0x0000026f43d62b00: ba80 a203 | 0008 0000 | 004c 8954 | 2408 48c7 | 0424 ffff | ffff e865 | d32a ffe9 | fef9 ffff 
  0x0000026f43d62b20: e87b 7c2a | ff49 baa8 | aa4e 636f | 0200 004c | 8954 2408 | 48c7 0424 | ffff ffff | e83f d32a 
  0x0000026f43d62b40: ffe9 3cfa | ffff 4889 | 0424 e851 | a32a ffe8 | 4c7c 2aff | 49ba d01e | 3463 6f02 | 0000 4c89 
  0x0000026f43d62b60: 5424 0848 | c704 24ff | ffff ffe8 | 10d3 2aff | e9bf fcff | ffe8 267c | 2aff 418b | 7024 48c1 
  0x0000026f43d62b80: e603 4883 | fe00 0f84 | aefd ffff | 4889 3424 | e8eb d82a | ffe9 a0fd | ffff 4883 | f800 0f84 
  0x0000026f43d62ba0: b5fd ffff | 4c89 0424 | e8d3 db2a | ffe9 a7fd | ffff 418b | 7024 48c1 | e603 4883 | fe00 0f84 
  0x0000026f43d62bc0: c8fd ffff | 4889 3424 | e8b3 d82a | ffe9 bafd | ffff 4883 | f800 0f84 | cffd ffff | 4c89 0424 
  0x0000026f43d62be0: e89b db2a | ffe9 c1fd | ffff 418b | 7024 48c1 | e603 4883 | fe00 0f84 | c2fd ffff | 4889 3424 
  0x0000026f43d62c00: e87b d82a | ffe9 b4fd | ffff 4883 | b800 0f84 | c9fd ffff | 4c89 0424 | e863 db2a | ffe9 bbfd 
  0x0000026f43d62c20: ffff 9090 | 498b 8700 | 0400 0049 | ba00 0000 | 0000 0000 | 004d 8997 | 0004 0000 | 49ba 0000 
  0x0000026f43d62c40: 0000 0000 | 0000 4d89 | 9708 0400 | 0048 81c4 | d000 0000 | 5de9 2669 | 2aff f4f4 | f4f4 f4f4 
  0x0000026f43d62c60: 0f1f 4400 | 0048 bbb8 | 0446 636f | 0200 00e9 | 69aa 1fff | 9048 bb00 | 0000 0000 | 0000 00e9 
  0x0000026f43d62c80: fbff ffff | 9048 bb00 | 0000 0000 | 0000 00e9 | fbff ffff | 9048 bb00 | 0000 0000 | 0000 00e9 
  0x0000026f43d62ca0: fbff ffff | 9048 bb00 | 0000 0000 | 0000 00e9 | fbff ffff | 9048 bb00 | 0000 0000 | 0000 00e9 
  0x0000026f43d62cc0: fbff ffff | 9048 bb00 | 0000 0000 | 0000 00e9 | fbff ffff | 9048 bb00 | 0000 0000 | 0000 00e9 
  0x0000026f43d62ce0: fbff ffff | 9048 bbb8 | f091 636f | 0200 00e9 | 753f 20ff | e887 9b2a | ff48 b9e0 | ea99 dcff 
  0x0000026f43d62d00: 7f00 0048 | 83e4 f049 | baa0 ae6a | dcff 7f00 | 0041 ffd2 | f449 ba15 | 2dd6 436f | 0200 0041 
  0x0000026f43d62d20: 52e9 7ab2 | 1fff f4f4 
[/MachCode]
--------------------------------------------------------------------------------


---------------  P R O C E S S  ---------------

Threads class SMR info:
_java_thread_list=0x0000026f6096abb0, length=13, elements={
0x0000026f38b69f80, 0x0000026f5e4228c0, 0x0000026f5e423490, 0x0000026f5ec3bb20,
0x0000026f5ec3e4f0, 0x0000026f5ec403b0, 0x0000026f5ec485b0, 0x0000026f5ec4c7a0,
0x0000026f5ec604b0, 0x0000026f5ed9dfa0, 0x0000026f5edad630, 0x0000026f5ec4a430,
0x0000026f5ec4b360
}

Java Threads: ( => current thread )
=>0x0000026f38b69f80 JavaThread "main" [_thread_in_Java, id=14428, stack(0x0000007b49c00000,0x0000007b49d00000)]
  0x0000026f5e4228c0 JavaThread "Reference Handler" daemon [_thread_blocked, id=15156, stack(0x0000007b4a300000,0x0000007b4a400000)]
  0x0000026f5e423490 JavaThread "Finalizer" daemon [_thread_blocked, id=9224, stack(0x0000007b4a400000,0x0000007b4a500000)]
  0x0000026f5ec3bb20 JavaThread "Signal Dispatcher" daemon [_thread_blocked, id=7500, stack(0x0000007b4a500000,0x0000007b4a600000)]
  0x0000026f5ec3e4f0 JavaThread "Attach Listener" daemon [_thread_blocked, id=8244, stack(0x0000007b4a600000,0x0000007b4a700000)]
  0x0000026f5ec403b0 JavaThread "Service Thread" daemon [_thread_blocked, id=7192, stack(0x0000007b4a700000,0x0000007b4a800000)]
  0x0000026f5ec485b0 JavaThread "C2 CompilerThread0" daemon [_thread_blocked, id=12276, stack(0x0000007b4a800000,0x0000007b4a900000)]
  0x0000026f5ec4c7a0 JavaThread "C1 CompilerThread0" daemon [_thread_blocked, id=14908, stack(0x0000007b4a900000,0x0000007b4aa00000)]
  0x0000026f5ec604b0 JavaThread "Sweeper thread" daemon [_thread_blocked, id=9232, stack(0x0000007b4aa00000,0x0000007b4ab00000)]
  0x0000026f5ed9dfa0 JavaThread "Notification Thread" daemon [_thread_blocked, id=2408, stack(0x0000007b4ab00000,0x0000007b4ac00000)]
  0x0000026f5edad630 JavaThread "Common-Cleaner" daemon [_thread_blocked, id=4712, stack(0x0000007b4ad00000,0x0000007b4ae00000)]
  0x0000026f5ec4a430 JavaThread "C2 CompilerThread1" daemon [_thread_blocked, id=10660, stack(0x0000007b4ae00000,0x0000007b4af00000)]
  0x0000026f5ec4b360 JavaThread "C2 CompilerThread2" daemon [_thread_in_native, id=4404, stack(0x0000007b4af00000,0x0000007b4b000000)]

Other Threads:
  0x0000026f5e41f030 VMThread "VM Thread" [stack: 0x0000007b4a200000,0x0000007b4a300000] [id=8512]
  0x0000026f5e40a910 WatcherThread [stack: 0x0000007b4ac00000,0x0000007b4ad00000] [id=16240]
  0x0000026f3ad25410 GCTaskThread "GC Thread#0" [stack: 0x0000007b49d00000,0x0000007b49e00000] [id=15352]
  0x0000026f5f218650 GCTaskThread "GC Thread#1" [stack: 0x0000007b4b000000,0x0000007b4b100000] [id=3024]
  0x0000026f5f219970 GCTaskThread "GC Thread#2" [stack: 0x0000007b4b100000,0x0000007b4b200000] [id=2876]
  0x0000026f5f2169a0 GCTaskThread "GC Thread#3" [stack: 0x0000007b4b200000,0x0000007b4b300000] [id=5384]
  0x0000026f5f216cd0 GCTaskThread "GC Thread#4" [stack: 0x0000007b4b300000,0x0000007b4b400000] [id=6104]
  0x0000026f5f218cb0 GCTaskThread "GC Thread#5" [stack: 0x0000007b4b400000,0x0000007b4b500000] [id=13924]
  0x0000026f3ad363f0 ConcurrentGCThread "G1 Main Marker" [stack: 0x0000007b49e00000,0x0000007b49f00000] [id=1720]
  0x0000026f3ad37780 ConcurrentGCThread "G1 Conc#0" [stack: 0x0000007b49f00000,0x0000007b4a000000] [id=10256]
  0x0000026f5f217660 ConcurrentGCThread "G1 Conc#1" [stack: 0x0000007b4b500000,0x0000007b4b600000] [id=7676]
  0x0000026f3adad670 ConcurrentGCThread "G1 Refine#0" [stack: 0x0000007b4a000000,0x0000007b4a100000] [id=13236]
  0x0000026f3adae270 ConcurrentGCThread "G1 Young RemSet Sampling" [stack: 0x0000007b4a100000,0x0000007b4a200000] [id=13272]

Threads with active compile tasks:
C2 CompilerThread2     5237 5385   !   4       com.sun.tools.javac.jvm.ClassReader::classSigToType (497 bytes)

VM state: not at safepoint (normal execution)

VM Mutex/Monitor currently owned by a thread: None

Heap address: 0x0000000701600000, size: 4074 MB, Compressed Oops mode: Zero based, Oop shift amount: 3
CDS archive(s) mapped at: [0x0000000800000000-0x0000000800b50000-0x0000000800b50000), size 11862016, SharedBaseAddress: 0x0000000800000000, ArchiveRelocationMode: 0.
Compressed class space mapped at: 0x0000000800b50000-0x0000000840b50000, size: 1073741824
Narrow klass base: 0x0000000800000000, Narrow klass shift: 3, Narrow klass range: 0x100000000

GC Precious Log:
 CPUs: 8 total, 8 available
 Memory: 16289M
 Large Page Support: Disabled
 NUMA Support: Disabled
 Compressed Oops: Enabled (Zero based)
 Heap Region Size: 2M
 Heap Min Capacity: 8M
 Heap Initial Capacity: 256M
 Heap Max Capacity: 4074M
 Pre-touch: Disabled
 Parallel Workers: 8
 Concurrent Workers: 2
 Concurrent Refinement Workers: 8
 Periodic GC: Disabled

Heap:
 garbage-first heap   total 161792K, used 64511K [0x0000000701600000, 0x0000000800000000)
  region size 2048K, 22 young (45056K), 2 survivors (4096K)
 Metaspace       used 27045K, capacity 27539K, committed 27776K, reserved 1073152K
  class space    used 2991K, capacity 3155K, committed 3200K, reserved 1048576K

Heap Regions: E=young(eden), S=young(survivor), O=old, HS=humongous(starts), HC=humongous(continues), CS=collection set, F=free, OA=open archive, CA=closed archive, TAMS=top-at-mark-start (previous, next)
|   0|0x0000000701600000, 0x0000000701800000, 0x0000000701800000|100%| O|  |TAMS 0x0000000701800000, 0x0000000701600000| Untracked 
|   1|0x0000000701800000, 0x0000000701947a00, 0x0000000701a00000| 63%| O|  |TAMS 0x0000000701947a00, 0x0000000701800000| Untracked 
|   2|0x0000000701a00000, 0x0000000701c00000, 0x0000000701c00000|100%| O|  |TAMS 0x0000000701a00000, 0x0000000701a00000| Untracked 
|   3|0x0000000701c00000, 0x0000000701e00000, 0x0000000701e00000|100%| O|  |TAMS 0x0000000701c00000, 0x0000000701c00000| Untracked 
|   4|0x0000000701e00000, 0x0000000702000000, 0x0000000702000000|100%| O|  |TAMS 0x0000000701e00000, 0x0000000701e00000| Untracked 
|   5|0x0000000702000000, 0x0000000702200000, 0x0000000702200000|100%| O|  |TAMS 0x0000000702000000, 0x0000000702000000| Untracked 
|   6|0x0000000702200000, 0x0000000702400000, 0x0000000702400000|100%| O|  |TAMS 0x0000000702200000, 0x0000000702200000| Untracked 
|   7|0x0000000702400000, 0x0000000702600000, 0x0000000702600000|100%| O|  |TAMS 0x0000000702400000, 0x0000000702400000| Untracked 
|   8|0x0000000702600000, 0x0000000702800000, 0x0000000702800000|100%| O|  |TAMS 0x0000000702600000, 0x0000000702600000| Untracked 
|   9|0x0000000702800000, 0x0000000702800000, 0x0000000702a00000|  0%| F|  |TAMS 0x0000000702800000, 0x0000000702800000| Untracked 
|  10|0x0000000702a00000, 0x0000000702a00000, 0x0000000702c00000|  0%| F|  |TAMS 0x0000000702a00000, 0x0000000702a00000| Untracked 
|  11|0x0000000702c00000, 0x0000000702c00000, 0x0000000702e00000|  0%| F|  |TAMS 0x0000000702c00000, 0x0000000702c00000| Untracked 
|  12|0x0000000702e00000, 0x0000000703000000, 0x0000000703000000|100%| O|  |TAMS 0x0000000702e00000, 0x0000000702e00000| Untracked 
|  13|0x0000000703000000, 0x00000007031db608, 0x0000000703200000| 92%| O|  |TAMS 0x0000000703000000, 0x0000000703000000| Untracked 
|  14|0x0000000703200000, 0x0000000703200000, 0x0000000703400000|  0%| F|  |TAMS 0x0000000703200000, 0x0000000703200000| Untracked 
|  15|0x0000000703400000, 0x0000000703400000, 0x0000000703600000|  0%| F|  |TAMS 0x0000000703400000, 0x0000000703400000| Untracked 
|  16|0x0000000703600000, 0x0000000703600000, 0x0000000703800000|  0%| F|  |TAMS 0x0000000703600000, 0x0000000703600000| Untracked 
|  17|0x0000000703800000, 0x0000000703800000, 0x0000000703a00000|  0%| F|  |TAMS 0x0000000703800000, 0x0000000703800000| Untracked 
|  18|0x0000000703a00000, 0x0000000703bdcd60, 0x0000000703c00000| 93%| S|CS|TAMS 0x0000000703a00000, 0x0000000703a00000| Complete 
|  19|0x0000000703c00000, 0x0000000703e00000, 0x0000000703e00000|100%| S|CS|TAMS 0x0000000703c00000, 0x0000000703c00000| Complete 
|  20|0x0000000703e00000, 0x0000000703e00000, 0x0000000704000000|  0%| F|  |TAMS 0x0000000703e00000, 0x0000000703e00000| Untracked 
|  21|0x0000000704000000, 0x0000000704000000, 0x0000000704200000|  0%| F|  |TAMS 0x0000000704000000, 0x0000000704000000| Untracked 
|  22|0x0000000704200000, 0x0000000704200000, 0x0000000704400000|  0%| F|  |TAMS 0x0000000704200000, 0x0000000704200000| Untracked 
|  23|0x0000000704400000, 0x0000000704400000, 0x0000000704600000|  0%| F|  |TAMS 0x0000000704400000, 0x0000000704400000| Untracked 
|  24|0x0000000704600000, 0x0000000704600000, 0x0000000704800000|  0%| F|  |TAMS 0x0000000704600000, 0x0000000704600000| Untracked 
|  25|0x0000000704800000, 0x0000000704800000, 0x0000000704a00000|  0%| F|  |TAMS 0x0000000704800000, 0x0000000704800000| Untracked 
|  26|0x0000000704a00000, 0x0000000704a00000, 0x0000000704c00000|  0%| F|  |TAMS 0x0000000704a00000, 0x0000000704a00000| Untracked 
|  27|0x0000000704c00000, 0x0000000704c00000, 0x0000000704e00000|  0%| F|  |TAMS 0x0000000704c00000, 0x0000000704c00000| Untracked 
|  28|0x0000000704e00000, 0x0000000704e00000, 0x0000000705000000|  0%| F|  |TAMS 0x0000000704e00000, 0x0000000704e00000| Untracked 
|  29|0x0000000705000000, 0x0000000705000000, 0x0000000705200000|  0%| F|  |TAMS 0x0000000705000000, 0x0000000705000000| Untracked 
|  30|0x0000000705200000, 0x0000000705200000, 0x0000000705400000|  0%| F|  |TAMS 0x0000000705200000, 0x0000000705200000| Untracked 
|  31|0x0000000705400000, 0x0000000705400000, 0x0000000705600000|  0%| F|  |TAMS 0x0000000705400000, 0x0000000705400000| Untracked 
|  32|0x0000000705600000, 0x0000000705600000, 0x0000000705800000|  0%| F|  |TAMS 0x0000000705600000, 0x0000000705600000| Untracked 
|  33|0x0000000705800000, 0x0000000705800000, 0x0000000705a00000|  0%| F|  |TAMS 0x0000000705800000, 0x0000000705800000| Untracked 
|  34|0x0000000705a00000, 0x0000000705a00000, 0x0000000705c00000|  0%| F|  |TAMS 0x0000000705a00000, 0x0000000705a00000| Untracked 
|  35|0x0000000705c00000, 0x0000000705c00000, 0x0000000705e00000|  0%| F|  |TAMS 0x0000000705c00000, 0x0000000705c00000| Untracked 
|  36|0x0000000705e00000, 0x0000000705e00000, 0x0000000706000000|  0%| F|  |TAMS 0x0000000705e00000, 0x0000000705e00000| Untracked 
|  37|0x0000000706000000, 0x0000000706000000, 0x0000000706200000|  0%| F|  |TAMS 0x0000000706000000, 0x0000000706000000| Untracked 
|  38|0x0000000706200000, 0x0000000706200000, 0x0000000706400000|  0%| F|  |TAMS 0x0000000706200000, 0x0000000706200000| Untracked 
|  39|0x0000000706400000, 0x0000000706400000, 0x0000000706600000|  0%| F|  |TAMS 0x0000000706400000, 0x0000000706400000| Untracked 
|  40|0x0000000706600000, 0x0000000706600000, 0x0000000706800000|  0%| F|  |TAMS 0x0000000706600000, 0x0000000706600000| Untracked 
|  41|0x0000000706800000, 0x0000000706800000, 0x0000000706a00000|  0%| F|  |TAMS 0x0000000706800000, 0x0000000706800000| Untracked 
|  42|0x0000000706a00000, 0x0000000706a00000, 0x0000000706c00000|  0%| F|  |TAMS 0x0000000706a00000, 0x0000000706a00000| Untracked 
|  43|0x0000000706c00000, 0x0000000706c00000, 0x0000000706e00000|  0%| F|  |TAMS 0x0000000706c00000, 0x0000000706c00000| Untracked 
|  44|0x0000000706e00000, 0x0000000706e00000, 0x0000000707000000|  0%| F|  |TAMS 0x0000000706e00000, 0x0000000706e00000| Untracked 
|  45|0x0000000707000000, 0x0000000707000000, 0x0000000707200000|  0%| F|  |TAMS 0x0000000707000000, 0x0000000707000000| Untracked 
|  46|0x0000000707200000, 0x0000000707200000, 0x0000000707400000|  0%| F|  |TAMS 0x0000000707200000, 0x0000000707200000| Untracked 
|  47|0x0000000707400000, 0x0000000707400000, 0x0000000707600000|  0%| F|  |TAMS 0x0000000707400000, 0x0000000707400000| Untracked 
|  48|0x0000000707600000, 0x0000000707600000, 0x0000000707800000|  0%| F|  |TAMS 0x0000000707600000, 0x0000000707600000| Untracked 
|  49|0x0000000707800000, 0x0000000707800000, 0x0000000707a00000|  0%| F|  |TAMS 0x0000000707800000, 0x0000000707800000| Untracked 
|  50|0x0000000707a00000, 0x0000000707a00000, 0x0000000707c00000|  0%| F|  |TAMS 0x0000000707a00000, 0x0000000707a00000| Untracked 
|  51|0x0000000707c00000, 0x0000000707c00000, 0x0000000707e00000|  0%| F|  |TAMS 0x0000000707c00000, 0x0000000707c00000| Untracked 
|  52|0x0000000707e00000, 0x0000000707e00000, 0x0000000708000000|  0%| F|  |TAMS 0x0000000707e00000, 0x0000000707e00000| Untracked 
|  53|0x0000000708000000, 0x0000000708000000, 0x0000000708200000|  0%| F|  |TAMS 0x0000000708000000, 0x0000000708000000| Untracked 
|  54|0x0000000708200000, 0x0000000708200000, 0x0000000708400000|  0%| F|  |TAMS 0x0000000708200000, 0x0000000708200000| Untracked 
|  55|0x0000000708400000, 0x0000000708400000, 0x0000000708600000|  0%| F|  |TAMS 0x0000000708400000, 0x0000000708400000| Untracked 
|  56|0x0000000708600000, 0x0000000708600000, 0x0000000708800000|  0%| F|  |TAMS 0x0000000708600000, 0x0000000708600000| Untracked 
|  57|0x0000000708800000, 0x0000000708800000, 0x0000000708a00000|  0%| F|  |TAMS 0x0000000708800000, 0x0000000708800000| Untracked 
|  58|0x0000000708a00000, 0x0000000708a00000, 0x0000000708c00000|  0%| F|  |TAMS 0x0000000708a00000, 0x0000000708a00000| Untracked 
|  59|0x0000000708c00000, 0x0000000708d00800, 0x0000000708e00000| 50%| E|  |TAMS 0x0000000708c00000, 0x0000000708c00000| Complete 
|  60|0x0000000708e00000, 0x0000000709000000, 0x0000000709000000|100%| E|CS|TAMS 0x0000000708e00000, 0x0000000708e00000| Complete 
|  61|0x0000000709000000, 0x0000000709200000, 0x0000000709200000|100%| E|CS|TAMS 0x0000000709000000, 0x0000000709000000| Complete 
|  62|0x0000000709200000, 0x0000000709400000, 0x0000000709400000|100%| E|CS|TAMS 0x0000000709200000, 0x0000000709200000| Complete 
|  63|0x0000000709400000, 0x0000000709600000, 0x0000000709600000|100%| E|CS|TAMS 0x0000000709400000, 0x0000000709400000| Complete 
|  64|0x0000000709600000, 0x0000000709800000, 0x0000000709800000|100%| E|CS|TAMS 0x0000000709600000, 0x0000000709600000| Complete 
|  65|0x0000000709800000, 0x0000000709a00000, 0x0000000709a00000|100%| E|CS|TAMS 0x0000000709800000, 0x0000000709800000| Complete 
|  66|0x0000000709a00000, 0x0000000709c00000, 0x0000000709c00000|100%| E|CS|TAMS 0x0000000709a00000, 0x0000000709a00000| Complete 
|  67|0x0000000709c00000, 0x0000000709e00000, 0x0000000709e00000|100%| E|CS|TAMS 0x0000000709c00000, 0x0000000709c00000| Complete 
|  68|0x0000000709e00000, 0x000000070a000000, 0x000000070a000000|100%| E|CS|TAMS 0x0000000709e00000, 0x0000000709e00000| Complete 
|  69|0x000000070a000000, 0x000000070a200000, 0x000000070a200000|100%| E|CS|TAMS 0x000000070a000000, 0x000000070a000000| Complete 
|  70|0x000000070a200000, 0x000000070a400000, 0x000000070a400000|100%| E|CS|TAMS 0x000000070a200000, 0x000000070a200000| Complete 
|  71|0x000000070a400000, 0x000000070a600000, 0x000000070a600000|100%| E|CS|TAMS 0x000000070a400000, 0x000000070a400000| Complete 
| 117|0x0000000710000000, 0x0000000710200000, 0x0000000710200000|100%| E|CS|TAMS 0x0000000710000000, 0x0000000710000000| Complete 
| 118|0x0000000710200000, 0x0000000710400000, 0x0000000710400000|100%| E|CS|TAMS 0x0000000710200000, 0x0000000710200000| Complete 
| 119|0x0000000710400000, 0x0000000710600000, 0x0000000710600000|100%| E|CS|TAMS 0x0000000710400000, 0x0000000710400000| Complete 
| 120|0x0000000710600000, 0x0000000710800000, 0x0000000710800000|100%| E|CS|TAMS 0x0000000710600000, 0x0000000710600000| Complete 
| 121|0x0000000710800000, 0x0000000710a00000, 0x0000000710a00000|100%| E|CS|TAMS 0x0000000710800000, 0x0000000710800000| Complete 
| 122|0x0000000710a00000, 0x0000000710c00000, 0x0000000710c00000|100%| E|CS|TAMS 0x0000000710a00000, 0x0000000710a00000| Complete 
| 127|0x0000000711400000, 0x0000000711600000, 0x0000000711600000|100%| E|CS|TAMS 0x0000000711400000, 0x0000000711400000| Complete 

Card table byte_map: [0x0000026f52a50000,0x0000026f53250000] _byte_map_base: 0x0000026f4f245000

Marking Bits (Prev, Next): (CMBitMap*) 0x0000026f3ad25c40, (CMBitMap*) 0x0000026f3ad25c00
 Prev Bits: [0x0000026f57a00000, 0x0000026f5b9a8000)
 Next Bits: [0x0000026f53a50000, 0x0000026f579f8000)

Polling page: 0x0000026f3a4b0000

Metaspace:

Usage:
  Non-class:     23.81 MB capacity,    23.49 MB ( 99%) used,   299.22 KB (  1%) free+waste,    30.56 KB ( <1%) overhead. 
      Class:      3.08 MB capacity,     2.92 MB ( 95%) used,   151.75 KB (  5%) free+waste,    11.94 KB ( <1%) overhead. 
       Both:     26.89 MB capacity,    26.41 MB ( 98%) used,   450.97 KB (  2%) free+waste,    42.50 KB ( <1%) overhead. 

Virtual space:
  Non-class space:       24.00 MB reserved,      24.00 MB (100%) committed 
      Class space:        1.00 GB reserved,       3.12 MB ( <1%) committed 
             Both:        1.02 GB reserved,      27.12 MB (  3%) committed 

Chunk freelists:
   Non-Class:  0 bytes
       Class:  13.00 KB
        Both:  13.00 KB

MaxMetaspaceSize: 17179869184.00 GB
CompressedClassSpaceSize: 1.00 GB

CodeHeap 'non-profiled nmethods': size=120000Kb used=2822Kb max_used=3114Kb free=117177Kb
 bounds [0x0000026f4a9e0000, 0x0000026f4acf0000, 0x0000026f51f10000]
CodeHeap 'profiled nmethods': size=120000Kb used=10500Kb max_used=11205Kb free=109499Kb
 bounds [0x0000026f434b0000, 0x0000026f43fb0000, 0x0000026f4a9e0000]
CodeHeap 'non-nmethods': size=5760Kb used=1238Kb max_used=1294Kb free=4521Kb
 bounds [0x0000026f42f10000, 0x0000026f43180000, 0x0000026f434b0000]
 total_blobs=5566 nmethods=5060 adapters=418
 compilation: enabled
              stopped_count=0, restarted_count=0
 full_count=0

Compilation events (20 events):
Event: 5.177 Thread 0x0000026f5ec4c7a0 5883       3       com.sun.tools.javac.comp.Flow$AssignAnalyzer::scanExpr (24 bytes)
Event: 5.177 Thread 0x0000026f5ec485b0 nmethod 5871 0x0000026f4aa0cf10 code [0x0000026f4aa0d0c0, 0x0000026f4aa0d598]
Event: 5.177 Thread 0x0000026f5ec4c7a0 nmethod 5883 0x0000026f43e7e790 code [0x0000026f43e7e980, 0x0000026f43e7ef18]
Event: 5.177 Thread 0x0000026f5ec4c7a0 5884       3       com.sun.tools.javac.util.Bits::isMember (58 bytes)
Event: 5.177 Thread 0x0000026f5ec4c7a0 nmethod 5884 0x0000026f43a7bd90 code [0x0000026f43a7bf60, 0x0000026f43a7c3a8]
Event: 5.177 Thread 0x0000026f5ec4c7a0 5866       3       com.sun.tools.javac.comp.Resolve::isAccessible (44 bytes)
Event: 5.177 Thread 0x0000026f5ec4c7a0 nmethod 5866 0x0000026f43e7de10 code [0x0000026f43e7e020, 0x0000026f43e7e568]
Event: 5.177 Thread 0x0000026f5ec4c7a0 5888       3       com.sun.tools.javac.util.Bits::dupBits (43 bytes)
Event: 5.178 Thread 0x0000026f5ec4c7a0 nmethod 5888 0x0000026f43e7d890 code [0x0000026f43e7da40, 0x0000026f43e7dd08]
Event: 5.178 Thread 0x0000026f5ec4c7a0 5889       3       com.sun.tools.javac.comp.Flow$CaptureAnalyzer::visitIdent (26 bytes)
Event: 5.178 Thread 0x0000026f5ec4c7a0 nmethod 5889 0x0000026f43e7d310 code [0x0000026f43e7d4c0, 0x0000026f43e7d748]
Event: 5.178 Thread 0x0000026f5ec4c7a0 5886       3       com.sun.tools.javac.util.Bits::isReset (16 bytes)
Event: 5.178 Thread 0x0000026f5ec4c7a0 nmethod 5886 0x0000026f436e0910 code [0x0000026f436e0aa0, 0x0000026f436e0c18]
Event: 5.178 Thread 0x0000026f5ec4c7a0 5887       3       com.sun.tools.javac.util.Bits::excl (72 bytes)
Event: 5.178 Thread 0x0000026f5ec4c7a0 nmethod 5887 0x0000026f43e7c710 code [0x0000026f43e7c920, 0x0000026f43e7d088]
Event: 5.178 Thread 0x0000026f5ec4c7a0 5890       1       com.sun.tools.javac.tree.TreeTranslator::visitTypeIdent (6 bytes)
Event: 5.178 Thread 0x0000026f5ec4c7a0 nmethod 5890 0x0000026f4ab4fa90 code [0x0000026f4ab4fc20, 0x0000026f4ab4fd38]
Event: 5.178 Thread 0x0000026f5ec4c7a0 5879       3       com.sun.tools.javac.code.Type$MethodType::isErroneous (33 bytes)
Event: 5.178 Thread 0x0000026f5ec4c7a0 nmethod 5879 0x0000026f43507a10 code [0x0000026f43507c00, 0x0000026f43508338]
Event: 5.178 Thread 0x0000026f5ec4c7a0 5891       3       com.sun.tools.javac.tree.TreeScanner::visitVarDef (33 bytes)

GC Heap History (12 events):
Event: 0.565 GC heap before
{Heap before GC invocations=0 (full 0):
 garbage-first heap   total 262144K, used 22528K [0x0000000701600000, 0x0000000800000000)
  region size 2048K, 11 young (22528K), 0 survivors (0K)
 Metaspace       used 5111K, capacity 7734K, committed 7808K, reserved 1056768K
  class space    used 585K, capacity 854K, committed 896K, reserved 1048576K
}
Event: 0.568 GC heap after
{Heap after GC invocations=1 (full 0):
 garbage-first heap   total 262144K, used 3537K [0x0000000701600000, 0x0000000800000000)
  region size 2048K, 2 young (4096K), 2 survivors (4096K)
 Metaspace       used 5111K, capacity 7734K, committed 7808K, reserved 1056768K
  class space    used 585K, capacity 854K, committed 896K, reserved 1048576K
}
Event: 0.960 GC heap before
{Heap before GC invocations=1 (full 0):
 garbage-first heap   total 262144K, used 30161K [0x0000000701600000, 0x0000000800000000)
  region size 2048K, 15 young (30720K), 2 survivors (4096K)
 Metaspace       used 8990K, capacity 11190K, committed 11392K, reserved 1058816K
  class space    used 1059K, capacity 1317K, committed 1408K, reserved 1048576K
}
Event: 0.964 GC heap after
{Heap after GC invocations=2 (full 0):
 garbage-first heap   total 262144K, used 4835K [0x0000000701600000, 0x0000000800000000)
  region size 2048K, 1 young (2048K), 1 survivors (2048K)
 Metaspace       used 8990K, capacity 11190K, committed 11392K, reserved 1058816K
  class space    used 1059K, capacity 1317K, committed 1408K, reserved 1048576K
}
Event: 3.891 GC heap before
{Heap before GC invocations=2 (full 0):
 garbage-first heap   total 262144K, used 156387K [0x0000000701600000, 0x0000000800000000)
  region size 2048K, 76 young (155648K), 1 survivors (2048K)
 Metaspace       used 18412K, capacity 19440K, committed 19712K, reserved 1067008K
  class space    used 2039K, capacity 2248K, committed 2304K, reserved 1048576K
}
Event: 3.904 GC heap after
{Heap after GC invocations=3 (full 0):
 garbage-first heap   total 262144K, used 13584K [0x0000000701600000, 0x0000000800000000)
  region size 2048K, 5 young (10240K), 5 survivors (10240K)
 Metaspace       used 18412K, capacity 19440K, committed 19712K, reserved 1067008K
  class space    used 2039K, capacity 2248K, committed 2304K, reserved 1048576K
}
Event: 4.009 GC heap before
{Heap before GC invocations=3 (full 0):
 garbage-first heap   total 262144K, used 21776K [0x0000000701600000, 0x0000000800000000)
  region size 2048K, 10 young (20480K), 5 survivors (10240K)
 Metaspace       used 20371K, capacity 21149K, committed 21248K, reserved 1069056K
  class space    used 2324K, capacity 2519K, committed 2560K, reserved 1048576K
}
Event: 4.016 GC heap after
{Heap after GC invocations=4 (full 0):
 garbage-first heap   total 262144K, used 14337K [0x0000000701600000, 0x0000000800000000)
  region size 2048K, 6 young (12288K), 6 survivors (12288K)
 Metaspace       used 20371K, capacity 21149K, committed 21248K, reserved 1069056K
  class space    used 2324K, capacity 2519K, committed 2560K, reserved 1048576K
}
Event: 4.482 GC heap before
{Heap before GC invocations=5 (full 0):
 garbage-first heap   total 61440K, used 38913K [0x0000000701600000, 0x0000000800000000)
  region size 2048K, 18 young (36864K), 6 survivors (12288K)
 Metaspace       used 24756K, capacity 25319K, committed 25600K, reserved 1071104K
  class space    used 2756K, capacity 2949K, committed 3072K, reserved 1048576K
}
Event: 4.497 GC heap after
{Heap after GC invocations=6 (full 0):
 garbage-first heap   total 61440K, used 21787K [0x0000000701600000, 0x0000000800000000)
  region size 2048K, 3 young (6144K), 3 survivors (6144K)
 Metaspace       used 24756K, capacity 25319K, committed 25600K, reserved 1071104K
  class space    used 2756K, capacity 2949K, committed 3072K, reserved 1048576K
}
Event: 4.580 GC heap before
{Heap before GC invocations=6 (full 0):
 garbage-first heap   total 61440K, used 40219K [0x0000000701600000, 0x0000000800000000)
  region size 2048K, 13 young (26624K), 3 survivors (6144K)
 Metaspace       used 24765K, capacity 25319K, committed 25600K, reserved 1071104K
  class space    used 2756K, capacity 2949K, committed 3072K, reserved 1048576K
}
Event: 4.587 GC heap after
{Heap after GC invocations=7 (full 0):
 garbage-first heap   total 161792K, used 25599K [0x0000000701600000, 0x0000000800000000)
  region size 2048K, 2 young (4096K), 2 survivors (4096K)
 Metaspace       used 24765K, capacity 25319K, committed 25600K, reserved 1071104K
  class space    used 2756K, capacity 2949K, committed 3072K, reserved 1048576K
}

Deoptimization events (20 events):
Event: 4.986 Thread 0x0000026f38b69f80 Uncommon trap: trap_request=0xffffffc6 fr.pc=0x0000026f4aad0578 relative=0x0000000000000418
Event: 4.986 Thread 0x0000026f38b69f80 Uncommon trap: reason=bimorphic_or_optimized_type_check action=maybe_recompile pc=0x0000026f4aad0578 method=java.util.HashMap.putVal(ILjava/lang/Object;Ljava/lang/Object;ZZ)Ljava/lang/Object; @ 253 c2
Event: 4.986 Thread 0x0000026f38b69f80 DEOPT PACKING pc=0x0000026f4aad0578 sp=0x0000007b49cfd5e0
Event: 4.986 Thread 0x0000026f38b69f80 DEOPT UNPACKING pc=0x0000026f42f5e42f sp=0x0000007b49cfd508 mode 2
Event: 4.987 Thread 0x0000026f38b69f80 Uncommon trap: trap_request=0xffffffc6 fr.pc=0x0000026f4aad0578 relative=0x0000000000000418
Event: 4.987 Thread 0x0000026f38b69f80 Uncommon trap: reason=bimorphic_or_optimized_type_check action=maybe_recompile pc=0x0000026f4aad0578 method=java.util.HashMap.putVal(ILjava/lang/Object;Ljava/lang/Object;ZZ)Ljava/lang/Object; @ 253 c2
Event: 4.987 Thread 0x0000026f38b69f80 DEOPT PACKING pc=0x0000026f4aad0578 sp=0x0000007b49cfd5c0
Event: 4.987 Thread 0x0000026f38b69f80 DEOPT UNPACKING pc=0x0000026f42f5e42f sp=0x0000007b49cfd4e8 mode 2
Event: 4.989 Thread 0x0000026f38b69f80 Uncommon trap: trap_request=0xffffffc6 fr.pc=0x0000026f4aad891c relative=0x00000000000003bc
Event: 4.989 Thread 0x0000026f38b69f80 Uncommon trap: reason=bimorphic_or_optimized_type_check action=maybe_recompile pc=0x0000026f4aad891c method=java.util.HashMap.putVal(ILjava/lang/Object;Ljava/lang/Object;ZZ)Ljava/lang/Object; @ 253 c2
Event: 4.989 Thread 0x0000026f38b69f80 DEOPT PACKING pc=0x0000026f4aad891c sp=0x0000007b49cfd540
Event: 4.989 Thread 0x0000026f38b69f80 DEOPT UNPACKING pc=0x0000026f42f5e42f sp=0x0000007b49cfd4f0 mode 2
Event: 5.106 Thread 0x0000026f38b69f80 Uncommon trap: trap_request=0xffffff45 fr.pc=0x0000026f4ace4744 relative=0x0000000000000044
Event: 5.106 Thread 0x0000026f38b69f80 Uncommon trap: reason=unstable_if action=reinterpret pc=0x0000026f4ace4744 method=com.sun.tools.javac.util.ArrayUtils.ensureCapacity([BI)[B @ 3 c2
Event: 5.106 Thread 0x0000026f38b69f80 DEOPT PACKING pc=0x0000026f4ace4744 sp=0x0000007b49cfc570
Event: 5.106 Thread 0x0000026f38b69f80 DEOPT UNPACKING pc=0x0000026f42f5e42f sp=0x0000007b49cfc4f8 mode 2
Event: 5.109 Thread 0x0000026f38b69f80 Uncommon trap: trap_request=0xffffff45 fr.pc=0x0000026f4ace69b0 relative=0x0000000000000410
Event: 5.109 Thread 0x0000026f38b69f80 Uncommon trap: reason=unstable_if action=reinterpret pc=0x0000026f4ace69b0 method=com.sun.tools.javac.util.ListBuffer.append(Ljava/lang/Object;)Lcom/sun/tools/javac/util/ListBuffer; @ 9 c2
Event: 5.109 Thread 0x0000026f38b69f80 DEOPT PACKING pc=0x0000026f4ace69b0 sp=0x0000007b49cfccd0
Event: 5.109 Thread 0x0000026f38b69f80 DEOPT UNPACKING pc=0x0000026f42f5e42f sp=0x0000007b49cfcc98 mode 2

Classes unloaded (0 events):
No events

Classes redefined (0 events):
No events

Internal exceptions (20 events):
Event: 5.035 Thread 0x0000026f38b69f80 Exception <a 'sun/nio/fs/WindowsException'{0x000000070912ce80}> (0x000000070912ce80) 
thrown [./open/src/hotspot/share/prims/jni.cpp, line 578]
Event: 5.035 Thread 0x0000026f38b69f80 Exception <a 'sun/nio/fs/WindowsException'{0x000000070912d3b0}> (0x000000070912d3b0) 
thrown [./open/src/hotspot/share/prims/jni.cpp, line 578]
Event: 5.035 Thread 0x0000026f38b69f80 Exception <a 'sun/nio/fs/WindowsException'{0x000000070912f3f8}> (0x000000070912f3f8) 
thrown [./open/src/hotspot/share/prims/jni.cpp, line 578]
Event: 5.035 Thread 0x0000026f38b69f80 Exception <a 'sun/nio/fs/WindowsException'{0x000000070912f8d8}> (0x000000070912f8d8) 
thrown [./open/src/hotspot/share/prims/jni.cpp, line 578]
Event: 5.036 Thread 0x0000026f38b69f80 Exception <a 'sun/nio/fs/WindowsException'{0x0000000709131be0}> (0x0000000709131be0) 
thrown [./open/src/hotspot/share/prims/jni.cpp, line 578]
Event: 5.036 Thread 0x0000026f38b69f80 Exception <a 'sun/nio/fs/WindowsException'{0x0000000709132110}> (0x0000000709132110) 
thrown [./open/src/hotspot/share/prims/jni.cpp, line 578]
Event: 5.038 Thread 0x0000026f38b69f80 Exception <a 'sun/nio/fs/WindowsException'{0x0000000709153ee8}> (0x0000000709153ee8) 
thrown [./open/src/hotspot/share/prims/jni.cpp, line 578]
Event: 5.038 Thread 0x0000026f38b69f80 Exception <a 'sun/nio/fs/WindowsException'{0x0000000709154418}> (0x0000000709154418) 
thrown [./open/src/hotspot/share/prims/jni.cpp, line 578]
Event: 5.038 Thread 0x0000026f38b69f80 Exception <a 'sun/nio/fs/WindowsException'{0x0000000709155f10}> (0x0000000709155f10) 
thrown [./open/src/hotspot/share/prims/jni.cpp, line 578]
Event: 5.038 Thread 0x0000026f38b69f80 Exception <a 'sun/nio/fs/WindowsException'{0x00000007091563f0}> (0x00000007091563f0) 
thrown [./open/src/hotspot/share/prims/jni.cpp, line 578]
Event: 5.039 Thread 0x0000026f38b69f80 Exception <a 'sun/nio/fs/WindowsException'{0x00000007091581a8}> (0x00000007091581a8) 
thrown [./open/src/hotspot/share/prims/jni.cpp, line 578]
Event: 5.039 Thread 0x0000026f38b69f80 Exception <a 'sun/nio/fs/WindowsException'{0x00000007091586d8}> (0x00000007091586d8) 
thrown [./open/src/hotspot/share/prims/jni.cpp, line 578]
Event: 5.045 Thread 0x0000026f38b69f80 Exception <a 'java/lang/NoSuchMethodError'{0x0000000709178738}: 'int java.lang.invoke.DirectMethodHandle$Holder.invokeVirtual(java.lang.Object, java.lang.Object, java.lang.Object, java.lang.Object)'> (0x0000000709178738) 
thrown [./open/src/hotspot/share/interpreter/linkResolver.cpp, line 782]
Event: 5.046 Thread 0x0000026f38b69f80 Exception <a 'java/lang/NoSuchMethodError'{0x00000007091849d0}: 'java.lang.Object java.lang.invoke.DirectMethodHandle$Holder.newInvokeSpecial(java.lang.Object, java.lang.Object, int, java.lang.Object)'> (0x00000007091849d0) 
thrown [./open/src/hotspot/share/interpreter/linkResolver.cpp, line 782]
Event: 5.047 Thread 0x0000026f38b69f80 Exception <a 'java/lang/NoSuchMethodError'{0x0000000709189160}: 'java.lang.Object java.lang.invoke.DirectMethodHandle$Holder.invokeSpecial(java.lang.Object, java.lang.Object, java.lang.Object, int, java.lang.Object)'> (0x0000000709189160) 
thrown [./open/src/hotspot/share/interpreter/linkResolver.cpp, line 782]
Event: 5.057 Thread 0x0000026f38b69f80 Exception <a 'java/lang/NoSuchMethodError'{0x00000007091c5080}: 'int java.lang.invoke.DirectMethodHandle$Holder.invokeStatic(java.lang.Object, java.lang.Object, java.lang.Object, java.lang.Object)'> (0x00000007091c5080) 
thrown [./open/src/hotspot/share/interpreter/linkResolver.cpp, line 782]
Event: 5.115 Thread 0x0000026f38b69f80 Exception <a 'sun/nio/fs/WindowsException'{0x0000000708f213c8}> (0x0000000708f213c8) 
thrown [./open/src/hotspot/share/prims/jni.cpp, line 578]
Event: 5.129 Thread 0x0000026f38b69f80 Exception <a 'java/lang/NoSuchMethodError'{0x0000000708fa93d0}: 'int java.lang.invoke.DirectMethodHandle$Holder.invokeSpecial(java.lang.Object, java.lang.Object, java.lang.Object, java.lang.Object)'> (0x0000000708fa93d0) 
thrown [./open/src/hotspot/share/interpreter/linkResolver.cpp, line 782]
Event: 5.142 Thread 0x0000026f38b69f80 Exception <a 'sun/nio/fs/WindowsException'{0x0000000708fdf190}> (0x0000000708fdf190) 
thrown [./open/src/hotspot/share/prims/jni.cpp, line 578]
Event: 5.156 Thread 0x0000026f38b69f80 Exception <a 'sun/nio/fs/WindowsException'{0x0000000708c58f00}> (0x0000000708c58f00) 
thrown [./open/src/hotspot/share/prims/jni.cpp, line 578]

Events (20 events):
Event: 4.965 loading class java/util/stream/ReduceOps$1 done
Event: 4.965 loading class java/util/stream/ReduceOps$1ReducingSink
Event: 4.965 loading class java/util/stream/ReduceOps$1ReducingSink done
Event: 4.994 loading class java/util/function/ToIntBiFunction
Event: 4.994 loading class java/util/function/ToIntBiFunction done
Event: 4.996 loading class java/nio/channels/Channels$1
Event: 4.996 loading class java/nio/channels/Channels$1 done
Event: 5.051 loading class java/util/EnumMap$EntrySet
Event: 5.051 loading class java/util/EnumMap$EntrySet done
Event: 5.051 loading class java/util/EnumMap$EntryIterator
Event: 5.051 loading class java/util/EnumMap$EnumMapIterator
Event: 5.051 loading class java/util/EnumMap$EnumMapIterator done
Event: 5.051 loading class java/util/EnumMap$EntryIterator done
Event: 5.052 loading class java/util/EnumMap$EntryIterator$Entry
Event: 5.052 loading class java/util/EnumMap$EntryIterator$Entry done
Event: 5.053 Executing VM operation: ICBufferFull
Event: 5.053 Executing VM operation: ICBufferFull done
Event: 5.121 Executing VM operation: ICBufferFull
Event: 5.121 Executing VM operation: ICBufferFull done
Event: 5.158 Loaded shared library C:\Program Files\Java\jdk-15.0.1\bin\nio.dll


Dynamic libraries:
0x00007ff62f7f0000 - 0x00007ff62f7ff000 	C:\Program Files\Java\jdk-15.0.1\bin\java.exe
0x00007ff81fb10000 - 0x00007ff81fd05000 	C:\WINDOWS\SYSTEM32\ntdll.dll
0x00007ff81def0000 - 0x00007ff81dfad000 	C:\WINDOWS\System32\KERNEL32.DLL
0x00007ff81d730000 - 0x00007ff81d9f9000 	C:\WINDOWS\System32\KERNELBASE.dll
0x00007ff81d210000 - 0x00007ff81d310000 	C:\WINDOWS\System32\ucrtbase.dll
0x00007ff81aa40000 - 0x00007ff81aa59000 	C:\Program Files\Java\jdk-15.0.1\bin\VCRUNTIME140.dll
0x00007ffff6890000 - 0x00007ffff68a8000 	C:\Program Files\Java\jdk-15.0.1\bin\jli.dll
0x00007ff81de40000 - 0x00007ff81deec000 	C:\WINDOWS\System32\ADVAPI32.dll
0x00007ff81eb10000 - 0x00007ff81ebae000 	C:\WINDOWS\System32\msvcrt.dll
0x00007ff81dfb0000 - 0x00007ff81e04b000 	C:\WINDOWS\System32\sechost.dll
0x00007ff81e9e0000 - 0x00007ff81eb0a000 	C:\WINDOWS\System32\RPCRT4.dll
0x00007ff81dbc0000 - 0x00007ff81dd60000 	C:\WINDOWS\System32\USER32.dll
0x00007ff81d470000 - 0x00007ff81d492000 	C:\WINDOWS\System32\win32u.dll
0x00007ff804900000 - 0x00007ff804b9a000 	C:\WINDOWS\WinSxS\amd64_microsoft.windows.common-controls_6595b64144ccf1df_6.0.19041.1110_none_60b5254171f9507e\COMCTL32.dll
0x00007ff81f790000 - 0x00007ff81f7ba000 	C:\WINDOWS\System32\GDI32.dll
0x00007ff81da30000 - 0x00007ff81db3b000 	C:\WINDOWS\System32\gdi32full.dll
0x00007ff81d4f0000 - 0x00007ff81d58d000 	C:\WINDOWS\System32\msvcp_win.dll
0x00007ff80f360000 - 0x00007ff80f36a000 	C:\WINDOWS\SYSTEM32\VERSION.dll
0x00007ff81fa70000 - 0x00007ff81faa0000 	C:\WINDOWS\System32\IMM32.DLL
0x00007ff818db0000 - 0x00007ff818dbc000 	C:\Program Files\Java\jdk-15.0.1\bin\vcruntime140_1.dll
0x00007ff80cdc0000 - 0x00007ff80ce51000 	C:\Program Files\Java\jdk-15.0.1\bin\msvcp140.dll
0x00007fffdc140000 - 0x00007fffdcc9e000 	C:\Program Files\Java\jdk-15.0.1\bin\server\jvm.dll
0x00007ff81e1f0000 - 0x00007ff81e1f8000 	C:\WINDOWS\System32\PSAPI.DLL
0x00007ff80bd30000 - 0x00007ff80bd39000 	C:\WINDOWS\SYSTEM32\WSOCK32.dll
0x00007ffff9e00000 - 0x00007ffff9e27000 	C:\WINDOWS\SYSTEM32\WINMM.dll
0x00007ff81f8e0000 - 0x00007ff81f94b000 	C:\WINDOWS\System32\WS2_32.dll
0x00007ff81b140000 - 0x00007ff81b152000 	C:\WINDOWS\SYSTEM32\kernel.appcore.dll
0x00007ff818da0000 - 0x00007ff818daa000 	C:\Program Files\Java\jdk-15.0.1\bin\jimage.dll
0x00007ff80e380000 - 0x00007ff80e564000 	C:\WINDOWS\SYSTEM32\DBGHELP.DLL
0x00007ff80ddf0000 - 0x00007ff80de1c000 	C:\WINDOWS\SYSTEM32\dbgcore.DLL
0x00007ff81d640000 - 0x00007ff81d6c3000 	C:\WINDOWS\System32\bcryptPrimitives.dll
0x00007ff818030000 - 0x00007ff818055000 	C:\Program Files\Java\jdk-15.0.1\bin\java.dll
0x00007ff81efc0000 - 0x00007ff81f6ff000 	C:\WINDOWS\System32\SHELL32.dll
0x00007ff81b340000 - 0x00007ff81bad0000 	C:\WINDOWS\SYSTEM32\windows.storage.dll
0x00007ff81e200000 - 0x00007ff81e555000 	C:\WINDOWS\System32\combase.dll
0x00007ff81cc00000 - 0x00007ff81cc2c000 	C:\WINDOWS\SYSTEM32\Wldp.dll
0x00007ff81edc0000 - 0x00007ff81ee6e000 	C:\WINDOWS\System32\SHCORE.dll
0x00007ff81f950000 - 0x00007ff81f9a5000 	C:\WINDOWS\System32\shlwapi.dll
0x00007ff81d150000 - 0x00007ff81d16f000 	C:\WINDOWS\SYSTEM32\profapi.dll
0x00007ff818cb0000 - 0x00007ff818cc9000 	C:\Program Files\Java\jdk-15.0.1\bin\net.dll
0x00007ff8117b0000 - 0x00007ff8118b8000 	C:\WINDOWS\SYSTEM32\WINHTTP.dll
0x00007ff81c960000 - 0x00007ff81c9ca000 	C:\WINDOWS\system32\mswsock.dll
0x00007ff8188c0000 - 0x00007ff8188d2000 	C:\Program Files\Java\jdk-15.0.1\bin\nio.dll
0x00007ff818470000 - 0x00007ff818488000 	C:\Program Files\Java\jdk-15.0.1\bin\zip.dll
0x00007ff818220000 - 0x00007ff818230000 	C:\Program Files\Java\jdk-15.0.1\bin\verify.dll
0x00007ff818dd0000 - 0x00007ff818dda000 	C:\Program Files\NetBeans-12.3\netbeans\java\maven\lib\jansi-native\windows64\jansi.dll

dbghelp: loaded successfully - version: 4.0.5 - missing functions: none
symbol engine: initialized successfully - sym options: 0x614 - pdb path: .;C:\Program Files\Java\jdk-15.0.1\bin;C:\WINDOWS\SYSTEM32;C:\WINDOWS\WinSxS\amd64_microsoft.windows.common-controls_6595b64144ccf1df_6.0.19041.1110_none_60b5254171f9507e;C:\Program Files\Java\jdk-15.0.1\bin\server;C:\Program Files\NetBeans-12.3\netbeans\java\maven\lib\jansi-native\windows64

VM Arguments:
jvm_args: -Dclassworlds.conf=C:\Program Files\NetBeans-12.3\netbeans\java\maven\bin\..\bin\m2.conf -Dmaven.home=C:\Program Files\NetBeans-12.3\netbeans\java\maven\bin\.. -Dlibrary.jansi.path=C:\Program Files\NetBeans-12.3\netbeans\java\maven\bin\..\lib\jansi-native -Dmaven.multiModuleProjectDirectory=C:\Users\Ususario\OneDrive - Universidad Fidélitas\Documentos\U fidelitas\2021\Lenguaje de base de Datos PL SQL\Factura-Electronica-java 
java_command: org.codehaus.plexus.classworlds.launcher.Launcher -Dnetbeans.deploy.debugmode=true -Dnetbeans.deploy=true -Dmaven.ext.class.path=C:\Program Files\NetBeans-12.3\netbeans\java\maven-nblib\netbeans-eventspy.jar -Dfile.encoding=UTF-8 package
java_class_path (initial): C:\Program Files\NetBeans-12.3\netbeans\java\maven\bin\..\boot\plexus-classworlds-2.6.0.jar
Launcher Type: SUN_STANDARD

[Global flags]
     intx CICompilerCount                          = 4                                         {product} {ergonomic}
     uint ConcGCThreads                            = 2                                         {product} {ergonomic}
     uint G1ConcRefinementThreads                  = 8                                         {product} {ergonomic}
   size_t G1HeapRegionSize                         = 2097152                                   {product} {ergonomic}
    uintx GCDrainStackTargetSize                   = 64                                        {product} {ergonomic}
   size_t InitialHeapSize                          = 268435456                                 {product} {ergonomic}
   size_t MarkStackSize                            = 4194304                                   {product} {ergonomic}
   size_t MaxHeapSize                              = 4271898624                                {product} {ergonomic}
   size_t MaxNewSize                               = 2562719744                                {product} {ergonomic}
   size_t MinHeapDeltaBytes                        = 2097152                                   {product} {ergonomic}
   size_t MinHeapSize                              = 8388608                                   {product} {ergonomic}
    uintx NonNMethodCodeHeapSize                   = 5839372                                {pd product} {ergonomic}
    uintx NonProfiledCodeHeapSize                  = 122909434                              {pd product} {ergonomic}
    uintx ProfiledCodeHeapSize                     = 122909434                              {pd product} {ergonomic}
    uintx ReservedCodeCacheSize                    = 251658240                              {pd product} {ergonomic}
     bool SegmentedCodeCache                       = true                                      {product} {ergonomic}
   size_t SoftMaxHeapSize                          = 4271898624                             {manageable} {ergonomic}
     bool UseCompressedClassPointers               = true                                 {lp64_product} {ergonomic}
     bool UseCompressedOops                        = true                                 {lp64_product} {ergonomic}
     bool UseG1GC                                  = true                                      {product} {ergonomic}
     bool UseLargePagesIndividualAllocation        = false                                  {pd product} {ergonomic}

Logging:
Log output configuration:
 #0: stdout all=warning uptime,level,tags
 #1: stderr all=off uptime,level,tags

Environment Variables:
JAVA_HOME=C:\Program Files\Java\jdk-15.0.1
PATH=C:\app1\Oracle\bin;C:\Users\Ususario\Downloads\oracle\bin;C:\Program Files\Common Files\Oracle\Java\javapath;C:\WINDOWS\system32;C:\WINDOWS;C:\WINDOWS\System32\Wbem;C:\WINDOWS\System32\WindowsPowerShell\v1.0\;C:\WINDOWS\System32\OpenSSH\;C:\Program Files (x86)\AOMEI\AOMEI Backupper 5.7.0;C:\Program Files\nodejs\;C:\Program Files\Git\cmd;C:\Program Files (x86)\GitExtensions\;C:\Program Files\XAMPP\php;C:\xampp\php;C:\composer;C:\Program Files\dotnet\;C:\Program Files\Microsoft SQL Server\130\Tools\Binn\;C:\Program Files\Microsoft SQL Server\Client SDK\ODBC\170\Tools\Binn\;C:\Program Files (x86)\dotnet\;C:\Program Files\MySQL\MySQL Shell 8.0\bin\;C:\Users\Ususario\AppData\Local\Microsoft\WindowsApps;C:\Users\Ususario\AppData\Roaming\npm;C:\Program Files\nodejs;C:\Users\Ususario\AppData\Local\GitHubDesktop\bin;C:\Program Files\Git\bin;C:\Users\Ususario\AppData\Roaming\Composer\vendor\bin;C:\Users\Ususario\AppData\Local\Programs\Microsoft VS Code\bin;C:\Users\Ususario\.dotnet\tools
USERNAME=Usuario
OS=Windows_NT
PROCESSOR_IDENTIFIER=Intel64 Family 6 Model 60 Stepping 3, GenuineIntel



---------------  S Y S T E M  ---------------

OS:
 Windows 10 , 64 bit Build 19041 (10.0.19041.1151)
OS uptime: 0 days 3:02 hours

CPU: total 8 (initial active 8) (4 cores per cpu, 2 threads per core) family 6 model 60 stepping 3 microcode 0x28, cmov, cx8, fxsr, mmx, sse, sse2, sse3, ssse3, sse4.1, sse4.2, popcnt, vzeroupper, avx, avx2, aes, clmul, erms, lzcnt, ht, tsc, tscinvbit, bmi1, bmi2, fma, clflush

Memory: 4k page, system-wide physical 16289M (6778M free)
TotalPageFile size 24481M (AvailPageFile size 8132M)
current process WorkingSet (physical memory assigned to process): 212M, peak: 284M
current process commit charge ("private bytes"): 325M, peak: 425M

vm_info: Java HotSpot(TM) 64-Bit Server VM (15.0.1+9-18) for windows-amd64 JRE (15.0.1+9-18), built on Sep 15 2020 14:43:54 by "mach5one" with unknown MS VC++:1925

END.
