#
# A fatal error has been detected by the Java Runtime Environment:
#
#  EXCEPTION_ACCESS_VIOLATION (0xc0000005) at pc=0x00007ffc17257bc3, pid=1784, tid=1284
#
# JRE version: Java(TM) SE Runtime Environment (15.0.1+9) (build 15.0.1+9-18)
# Java VM: Java HotSpot(TM) 64-Bit Server VM (15.0.1+9-18, mixed mode, sharing, tiered, compressed oops, g1 gc, windows-amd64)
# Problematic frame:
# V  [jvm.dll+0x677bc3]
#
# No core dump will be written. Minidumps are not enabled by default on client versions of Windows
#
# If you would like to submit a bug report, please visit:
#   https://bugreport.java.com/bugreport/crash.jsp
#

---------------  S U M M A R Y ------------

Command Line: -Dclassworlds.conf=C:\Program Files\NetBeans-12.3\netbeans\java\maven\bin\..\bin\m2.conf -Dmaven.home=C:\Program Files\NetBeans-12.3\netbeans\java\maven\bin\.. -Dlibrary.jansi.path=C:\Program Files\NetBeans-12.3\netbeans\java\maven\bin\..\lib\jansi-native -Dmaven.multiModuleProjectDirectory=C:\Users\Ususario\OneDrive - Universidad Fidélitas\Documentos\U fidelitas\2021\Lenguaje de base de Datos PL SQL\Factura-Electronica-java org.codehaus.plexus.classworlds.launcher.Launcher -Dnetbeans.deploy.debugmode=true -Dnetbeans.deploy=true -Dmaven.ext.class.path=C:\Program Files\NetBeans-12.3\netbeans\java\maven-nblib\netbeans-eventspy.jar -Dfile.encoding=UTF-8 package

Host: Intel(R) Core(TM) i7-4770 CPU @ 3.40GHz, 8 cores, 15G,  Windows 10 , 64 bit Build 19041 (10.0.19041.1023)
Time: Sat Jul 31 01:17:23 2021 Central America Standard Time elapsed time: 6.192921 seconds (0d 0h 0m 6s)

---------------  T H R E A D  ---------------

Current thread (0x0000026aeafded10):  JavaThread "C2 CompilerThread0" daemon [_thread_in_native, id=1284, stack(0x000000a3fad00000,0x000000a3fae00000)]


Current CompileTask:
C2:   6193 4353       4       org.codehaus.plexus.classworlds.realm.ClassRealm::loadClass (7 bytes)

Stack: [0x000000a3fad00000,0x000000a3fae00000],  sp=0x000000a3fadfba20,  free space=1006k
Native frames: (J=compiled Java code, j=interpreted, Vv=VM code, C=native code)
V  [jvm.dll+0x677bc3]
V  [jvm.dll+0x18e1e0]
V  [jvm.dll+0x1ea762]
V  [jvm.dll+0x1e98ae]
V  [jvm.dll+0x1784c7]
V  [jvm.dll+0x1f9165]
V  [jvm.dll+0x1f720c]
V  [jvm.dll+0x74485d]
V  [jvm.dll+0x73d65a]
V  [jvm.dll+0x629c56]
C  [ucrtbase.dll+0x21bb2]
C  [KERNEL32.DLL+0x17034]
C  [ntdll.dll+0x52651]


siginfo: EXCEPTION_ACCESS_VIOLATION (0xc0000005), reading address 0x0000022aec986c60


Register to memory mapping:

RIP=0x00007ffc17257bc3 jvm.dll
RAX=0x0000000000000001 is an unknown value
RBX=0x0000000000000007 is an unknown value
RCX=0x0 is NULL
RDX=0x000000000019c4a0 is an unknown value
RSP=0x000000a3fadfba20 is pointing into the stack for thread: 0x0000026aeafded10
RBP=0x000000a3fadfbb20 is pointing into the stack for thread: 0x0000026aeafded10
RSI=0x0000026aec986c00 points into unknown readable memory: 0x00007ffc1742c820 | 20 c8 42 17 fc 7f 00 00
RDI=0x0000026aebd00b10 points into unknown readable memory: 0x00007ffc1742cc08 | 08 cc 42 17 fc 7f 00 00
R8 =0x0000000000000001 is an unknown value
R9 =0x0000022aec986c58 is an unknown value
R10=0x0000000000000010 is an unknown value
R11=0x000000000000002a is an unknown value
R12=0x0000000000000001 is an unknown value
R13=0x0000026aee7ca198 points into unknown readable memory: 0x00007ffc174310f0 | f0 10 43 17 fc 7f 00 00
R14=0x000000a3fadfc280 is pointing into the stack for thread: 0x0000026aeafded10
R15=0x0000000000000004 is an unknown value


Registers:
RAX=0x0000000000000001, RBX=0x0000000000000007, RCX=0x0000000000000000, RDX=0x000000000019c4a0
RSP=0x000000a3fadfba20, RBP=0x000000a3fadfbb20, RSI=0x0000026aec986c00, RDI=0x0000026aebd00b10
R8 =0x0000000000000001, R9 =0x0000022aec986c58, R10=0x0000000000000010, R11=0x000000000000002a
R12=0x0000000000000001, R13=0x0000026aee7ca198, R14=0x000000a3fadfc280, R15=0x0000000000000004
RIP=0x00007ffc17257bc3, EFLAGS=0x0000000000010206

Top of Stack: (sp=0x000000a3fadfba20)
0x000000a3fadfba20:   0000026af0499040 000000a3fadfbb20
0x000000a3fadfba30:   0000026aeb58cb68 0000026aee0ef160
0x000000a3fadfba40:   0000026a00002991 000000a300000052
0x000000a3fadfba50:   0000026a00002941 0000026af04f2a00
0x000000a3fadfba60:   0000026af0573400 000000a3fadfbce0
0x000000a3fadfba70:   000000000000000b 00007ffc16f134c5
0x000000a3fadfba80:   000000a300002744 0000026aee7ca198
0x000000a3fadfba90:   0000026aec986c00 000027ae00000001
0x000000a3fadfbaa0:   0000026a0000002b 0000000000000000
0x000000a3fadfbab0:   0000026a00000004 0000026af055e560
0x000000a3fadfbac0:   0000024500000000 0000026af055e6c0
0x000000a3fadfbad0:   0000026af041d4e0 00000000001a0a30
0x000000a3fadfbae0:   0000282800000000 000000a3fadfbfc0
0x000000a3fadfbaf0:   0000026a00000016 0000026af04e8a10
0x000000a3fadfbb00:   0000026af0419f70 0000000000000000
0x000000a3fadfbb10:   000028280000002b 000000a3fadfbfc0 

Instructions: (pc=0x00007ffc17257bc3)
0x00007ffc17257ac3:   1f 8b 04 99 0f ab f0 89 04 99 48 8b 8d 18 03 00
0x00007ffc17257ad3:   00 49 ff c7 48 83 c7 08 49 83 ec 01 75 a5 4c 8b
0x00007ffc17257ae3:   6c 24 68 45 33 ff 4c 8b b5 00 03 00 00 41 bc 01
0x00007ffc17257af3:   00 00 00 44 89 a5 18 03 00 00 0f 1f 00 41 8b 5d
0x00007ffc17257b03:   28 ff cb 41 3b 5d 18 73 0a 49 8b 45 20 48 8b 3c
0x00007ffc17257b13:   d8 eb 03 49 8b ff 48 8b 07 48 8b cf ff 50 20 48
0x00007ffc17257b23:   3b c7 74 04 41 2b 5d 48 44 8b 8d 18 03 00 00 44
0x00007ffc17257b33:   3b cb 0f 87 52 18 00 00 45 3b 4d 18 73 0a 49 8b
0x00007ffc17257b43:   45 20 4a 8b 34 c8 eb 03 49 8b f7 49 8b 86 20 01
0x00007ffc17257b53:   00 00 48 63 4e 28 44 8b 7e 18 48 89 74 24 70 44
0x00007ffc17257b63:   89 7d 90 44 8b 04 88 8b 46 2c 83 e0 0f 44 89 44
0x00007ffc17257b73:   24 60 3c 0c 0f 85 ab 00 00 00 45 3b 86 e0 00 00
0x00007ffc17257b83:   00 0f 83 ea 17 00 00 49 8b 46 70 49 69 d0 a8 00
0x00007ffc17257b93:   00 00 48 8b 48 20 81 7c 0a 30 2f 75 00 00 0f 8d
0x00007ffc17257ba3:   cd 17 00 00 33 c9 45 8b c4 41 83 ff 01 76 33 4c
0x00007ffc17257bb3:   8b 4e 08 66 66 0f 1f 84 00 00 00 00 00 41 8b c0
0x00007ffc17257bc3:   49 8b 14 c1 48 3b d1 74 11 48 3b d6 74 0c 48 85
0x00007ffc17257bd3:   c9 0f 85 9a 17 00 00 48 8b ca 41 ff c0 45 3b c7
0x00007ffc17257be3:   72 db 48 8b d1 48 8b ce e8 f0 a2 fd ff 4d 8b 46
0x00007ffc17257bf3:   10 33 d2 48 8b ce e8 72 14 f9 ff 8b bd 18 03 00
0x00007ffc17257c03:   00 49 8d 4d 10 8b d7 e8 51 35 f9 ff 41 ff 4d 28
0x00007ffc17257c13:   ff cf 41 ff 4d 70 41 ff 4d 78 89 bd 18 03 00 00
0x00007ffc17257c23:   e9 4c 17 00 00 45 3b 4d 70 74 0a 45 3b 4d 78 0f
0x00007ffc17257c33:   85 d1 02 00 00 45 33 e4 44 89 64 24 78 44 39 65
0x00007ffc17257c43:   80 0f 86 bf 02 00 00 4c 8b 7d 98 41 8d 79 ff 48
0x00007ffc17257c53:   8b 75 b0 4c 8b 6d a8 49 2b f7 8b 45 80 48 89 75
0x00007ffc17257c63:   b8 4c 89 6d 88 89 7c 24 7c 0f 1f 40 00 4d 8b 37
0x00007ffc17257c73:   4c 89 75 e8 4d 85 f6 0f 84 53 02 00 00 41 80 7d
0x00007ffc17257c83:   00 00 48 8b 45 08 49 63 cc 8b 1c 88 0f 84 3b 02
0x00007ffc17257c93:   00 00 48 8b 85 00 03 00 00 48 69 cb a8 00 00 00
0x00007ffc17257ca3:   48 8b 40 70 48 03 48 20 8b 81 a0 00 00 00 a8 08
0x00007ffc17257cb3:   75 57 48 8b 54 24 68 a8 06 75 08 8b 42 70 45 33 


Stack slot to memory mapping:
stack at sp + 0 slots: 0x0000026af0499040 points into unknown readable memory: 0x00007ffc174452b8 | b8 52 44 17 fc 7f 00 00
stack at sp + 1 slots: 0x000000a3fadfbb20 is pointing into the stack for thread: 0x0000026aeafded10
stack at sp + 2 slots: 0x0000026aeb58cb68 points into unknown readable memory: 0x00007ffc1742c820 | 20 c8 42 17 fc 7f 00 00
stack at sp + 3 slots: 0x0000026aee0ef160 points into unknown readable memory: 0x000300030ffffcff | ff fc ff 0f 03 00 03 00
stack at sp + 4 slots: 0x0000026a00002991 is an unknown value
stack at sp + 5 slots: 0x000000a300000052 is an unknown value
stack at sp + 6 slots: 0x0000026a00002941 is an unknown value
stack at sp + 7 slots: 0x0000026af04f2a00 points into unknown readable memory: 0x0000000000000000 | 00 00 00 00 00 00 00 00


---------------  P R O C E S S  ---------------

Threads class SMR info:
_java_thread_list=0x0000026aed8ff370, length=13, elements={
0x0000026ac6f84410, 0x0000026aea6bd210, 0x0000026aea6bdde0, 0x0000026aeafd73d0,
0x0000026aeafd9da0, 0x0000026aeafdb860, 0x0000026aeafded10, 0x0000026aeafe2700,
0x0000026aeaff5c70, 0x0000026aeb1073e0, 0x0000026aeb111ff0, 0x0000026aeba3d510,
0x0000026aee81c7e0
}

Java Threads: ( => current thread )
  0x0000026ac6f84410 JavaThread "main" [_thread_in_native, id=15868, stack(0x000000a3fa100000,0x000000a3fa200000)]
  0x0000026aea6bd210 JavaThread "Reference Handler" daemon [_thread_blocked, id=14564, stack(0x000000a3fa800000,0x000000a3fa900000)]
  0x0000026aea6bdde0 JavaThread "Finalizer" daemon [_thread_blocked, id=11028, stack(0x000000a3fa900000,0x000000a3faa00000)]
  0x0000026aeafd73d0 JavaThread "Signal Dispatcher" daemon [_thread_blocked, id=13280, stack(0x000000a3faa00000,0x000000a3fab00000)]
  0x0000026aeafd9da0 JavaThread "Attach Listener" daemon [_thread_blocked, id=15012, stack(0x000000a3fab00000,0x000000a3fac00000)]
  0x0000026aeafdb860 JavaThread "Service Thread" daemon [_thread_blocked, id=15208, stack(0x000000a3fac00000,0x000000a3fad00000)]
=>0x0000026aeafded10 JavaThread "C2 CompilerThread0" daemon [_thread_in_native, id=1284, stack(0x000000a3fad00000,0x000000a3fae00000)]
  0x0000026aeafe2700 JavaThread "C1 CompilerThread0" daemon [_thread_blocked, id=6716, stack(0x000000a3fae00000,0x000000a3faf00000)]
  0x0000026aeaff5c70 JavaThread "Sweeper thread" daemon [_thread_blocked, id=7264, stack(0x000000a3faf00000,0x000000a3fb000000)]
  0x0000026aeb1073e0 JavaThread "Notification Thread" daemon [_thread_blocked, id=3276, stack(0x000000a3fb000000,0x000000a3fb100000)]
  0x0000026aeb111ff0 JavaThread "Common-Cleaner" daemon [_thread_blocked, id=16136, stack(0x000000a3fb200000,0x000000a3fb300000)]
  0x0000026aeba3d510 JavaThread "C2 CompilerThread1" daemon [_thread_in_native, id=14300, stack(0x000000a3fb300000,0x000000a3fb400000)]
  0x0000026aee81c7e0 JavaThread "C2 CompilerThread2" daemon [_thread_in_native, id=12648, stack(0x000000a3fb400000,0x000000a3fb500000)]

Other Threads:
  0x0000026aea6bb1f0 VMThread "VM Thread" [stack: 0x000000a3fa700000,0x000000a3fa800000] [id=15160]
  0x0000026aeb10dcd0 WatcherThread [stack: 0x000000a3fb100000,0x000000a3fb200000] [id=11388]
  0x0000026ac6fd4eb0 GCTaskThread "GC Thread#0" [stack: 0x000000a3fa200000,0x000000a3fa300000] [id=15932]
  0x0000026aeb3c9a00 GCTaskThread "GC Thread#1" [stack: 0x000000a3fb500000,0x000000a3fb600000] [id=15544]
  0x0000026aeb3cad20 GCTaskThread "GC Thread#2" [stack: 0x000000a3fb600000,0x000000a3fb700000] [id=15636]
  0x0000026aeb3c93a0 GCTaskThread "GC Thread#3" [stack: 0x000000a3fb700000,0x000000a3fb800000] [id=12764]
  0x0000026aeb3cc9d0 GCTaskThread "GC Thread#4" [stack: 0x000000a3fb800000,0x000000a3fb900000] [id=15104]
  0x0000026aeb3cc6a0 GCTaskThread "GC Thread#5" [stack: 0x000000a3fb900000,0x000000a3fba00000] [id=8916]
  0x0000026ac6fe5e90 ConcurrentGCThread "G1 Main Marker" [stack: 0x000000a3fa300000,0x000000a3fa400000] [id=12332]
  0x0000026ac6fe6a80 ConcurrentGCThread "G1 Conc#0" [stack: 0x000000a3fa400000,0x000000a3fa500000] [id=14748]
  0x0000026aea5324c0 ConcurrentGCThread "G1 Refine#0" [stack: 0x000000a3fa500000,0x000000a3fa600000] [id=1004]
  0x0000026aea5330c0 ConcurrentGCThread "G1 Young RemSet Sampling" [stack: 0x000000a3fa600000,0x000000a3fa700000] [id=14644]

Threads with active compile tasks:
C2 CompilerThread0     6261 4353       4       org.codehaus.plexus.classworlds.realm.ClassRealm::loadClass (7 bytes)
C2 CompilerThread1     6261 4350   !   4       java.lang.ClassLoader::loadClass (122 bytes)
C2 CompilerThread2     6261 4708   !   4       com.google.inject.spi.InjectionPoint::getInjectionPoints (489 bytes)

VM state: not at safepoint (normal execution)

VM Mutex/Monitor currently owned by a thread: None

Heap address: 0x0000000701600000, size: 4074 MB, Compressed Oops mode: Zero based, Oop shift amount: 3
CDS archive(s) mapped at: [0x0000000800000000-0x0000000800b50000-0x0000000800b50000), size 11862016, SharedBaseAddress: 0x0000000800000000, ArchiveRelocationMode: 0.
Compressed class space mapped at: 0x0000000800b50000-0x0000000840b50000, size: 1073741824
Narrow klass base: 0x0000000800000000, Narrow klass shift: 3, Narrow klass range: 0x100000000

GC Precious Log:
 CPUs: 8 total, 8 available
 Memory: 16289M
 Large Page Support: Disabled
 NUMA Support: Disabled
 Compressed Oops: Enabled (Zero based)
 Heap Region Size: 2M
 Heap Min Capacity: 8M
 Heap Initial Capacity: 256M
 Heap Max Capacity: 4074M
 Pre-touch: Disabled
 Parallel Workers: 8
 Concurrent Workers: 2
 Concurrent Refinement Workers: 8
 Periodic GC: Disabled

Heap:
 garbage-first heap   total 262144K, used 33895K [0x0000000701600000, 0x0000000800000000)
  region size 2048K, 16 young (32768K), 5 survivors (10240K)
 Metaspace       used 20056K, capacity 20695K, committed 20992K, reserved 1067008K
  class space    used 2205K, capacity 2447K, committed 2560K, reserved 1048576K

Heap Regions: E=young(eden), S=young(survivor), O=old, HS=humongous(starts), HC=humongous(continues), CS=collection set, F=free, OA=open archive, CA=closed archive, TAMS=top-at-mark-start (previous, next)
|   0|0x0000000701600000, 0x0000000701800000, 0x0000000701800000|100%| O|  |TAMS 0x0000000701600000, 0x0000000701600000| Untracked 
|   1|0x0000000701800000, 0x000000070196c200, 0x0000000701a00000| 71%| O|  |TAMS 0x0000000701800000, 0x0000000701800000| Untracked 
|   2|0x0000000701a00000, 0x0000000701a00000, 0x0000000701c00000|  0%| F|  |TAMS 0x0000000701a00000, 0x0000000701a00000| Untracked 
|   3|0x0000000701c00000, 0x0000000701c00000, 0x0000000701e00000|  0%| F|  |TAMS 0x0000000701c00000, 0x0000000701c00000| Untracked 
|   4|0x0000000701e00000, 0x0000000701e00000, 0x0000000702000000|  0%| F|  |TAMS 0x0000000701e00000, 0x0000000701e00000| Untracked 
|   5|0x0000000702000000, 0x0000000702000000, 0x0000000702200000|  0%| F|  |TAMS 0x0000000702000000, 0x0000000702000000| Untracked 
|   6|0x0000000702200000, 0x0000000702200000, 0x0000000702400000|  0%| F|  |TAMS 0x0000000702200000, 0x0000000702200000| Untracked 
|   7|0x0000000702400000, 0x0000000702400000, 0x0000000702600000|  0%| F|  |TAMS 0x0000000702400000, 0x0000000702400000| Untracked 
|   8|0x0000000702600000, 0x0000000702600000, 0x0000000702800000|  0%| F|  |TAMS 0x0000000702600000, 0x0000000702600000| Untracked 
|   9|0x0000000702800000, 0x0000000702800000, 0x0000000702a00000|  0%| F|  |TAMS 0x0000000702800000, 0x0000000702800000| Untracked 
|  10|0x0000000702a00000, 0x0000000702a00000, 0x0000000702c00000|  0%| F|  |TAMS 0x0000000702a00000, 0x0000000702a00000| Untracked 
|  11|0x0000000702c00000, 0x0000000702c00000, 0x0000000702e00000|  0%| F|  |TAMS 0x0000000702c00000, 0x0000000702c00000| Untracked 
|  12|0x0000000702e00000, 0x0000000702e00000, 0x0000000703000000|  0%| F|  |TAMS 0x0000000702e00000, 0x0000000702e00000| Untracked 
|  13|0x0000000703000000, 0x0000000703000000, 0x0000000703200000|  0%| F|  |TAMS 0x0000000703000000, 0x0000000703000000| Untracked 
|  14|0x0000000703200000, 0x0000000703200000, 0x0000000703400000|  0%| F|  |TAMS 0x0000000703200000, 0x0000000703200000| Untracked 
|  15|0x0000000703400000, 0x0000000703400000, 0x0000000703600000|  0%| F|  |TAMS 0x0000000703400000, 0x0000000703400000| Untracked 
|  16|0x0000000703600000, 0x0000000703600000, 0x0000000703800000|  0%| F|  |TAMS 0x0000000703600000, 0x0000000703600000| Untracked 
|  17|0x0000000703800000, 0x0000000703800000, 0x0000000703a00000|  0%| F|  |TAMS 0x0000000703800000, 0x0000000703800000| Untracked 
|  18|0x0000000703a00000, 0x0000000703a00000, 0x0000000703c00000|  0%| F|  |TAMS 0x0000000703a00000, 0x0000000703a00000| Untracked 
|  19|0x0000000703c00000, 0x0000000703c00000, 0x0000000703e00000|  0%| F|  |TAMS 0x0000000703c00000, 0x0000000703c00000| Untracked 
|  20|0x0000000703e00000, 0x0000000703e00000, 0x0000000704000000|  0%| F|  |TAMS 0x0000000703e00000, 0x0000000703e00000| Untracked 
|  21|0x0000000704000000, 0x0000000704000000, 0x0000000704200000|  0%| F|  |TAMS 0x0000000704000000, 0x0000000704000000| Untracked 
|  22|0x0000000704200000, 0x0000000704200000, 0x0000000704400000|  0%| F|  |TAMS 0x0000000704200000, 0x0000000704200000| Untracked 
|  23|0x0000000704400000, 0x0000000704400000, 0x0000000704600000|  0%| F|  |TAMS 0x0000000704400000, 0x0000000704400000| Untracked 
|  24|0x0000000704600000, 0x0000000704600000, 0x0000000704800000|  0%| F|  |TAMS 0x0000000704600000, 0x0000000704600000| Untracked 
|  25|0x0000000704800000, 0x0000000704800000, 0x0000000704a00000|  0%| F|  |TAMS 0x0000000704800000, 0x0000000704800000| Untracked 
|  26|0x0000000704a00000, 0x0000000704a00000, 0x0000000704c00000|  0%| F|  |TAMS 0x0000000704a00000, 0x0000000704a00000| Untracked 
|  27|0x0000000704c00000, 0x0000000704c00000, 0x0000000704e00000|  0%| F|  |TAMS 0x0000000704c00000, 0x0000000704c00000| Untracked 
|  28|0x0000000704e00000, 0x0000000704e00000, 0x0000000705000000|  0%| F|  |TAMS 0x0000000704e00000, 0x0000000704e00000| Untracked 
|  29|0x0000000705000000, 0x0000000705000000, 0x0000000705200000|  0%| F|  |TAMS 0x0000000705000000, 0x0000000705000000| Untracked 
|  30|0x0000000705200000, 0x0000000705200000, 0x0000000705400000|  0%| F|  |TAMS 0x0000000705200000, 0x0000000705200000| Untracked 
|  31|0x0000000705400000, 0x0000000705400000, 0x0000000705600000|  0%| F|  |TAMS 0x0000000705400000, 0x0000000705400000| Untracked 
|  32|0x0000000705600000, 0x0000000705600000, 0x0000000705800000|  0%| F|  |TAMS 0x0000000705600000, 0x0000000705600000| Untracked 
|  33|0x0000000705800000, 0x0000000705800000, 0x0000000705a00000|  0%| F|  |TAMS 0x0000000705800000, 0x0000000705800000| Untracked 
|  34|0x0000000705a00000, 0x0000000705a00000, 0x0000000705c00000|  0%| F|  |TAMS 0x0000000705a00000, 0x0000000705a00000| Untracked 
|  35|0x0000000705c00000, 0x0000000705c00000, 0x0000000705e00000|  0%| F|  |TAMS 0x0000000705c00000, 0x0000000705c00000| Untracked 
|  36|0x0000000705e00000, 0x0000000705e00000, 0x0000000706000000|  0%| F|  |TAMS 0x0000000705e00000, 0x0000000705e00000| Untracked 
|  37|0x0000000706000000, 0x0000000706000000, 0x0000000706200000|  0%| F|  |TAMS 0x0000000706000000, 0x0000000706000000| Untracked 
|  38|0x0000000706200000, 0x0000000706200000, 0x0000000706400000|  0%| F|  |TAMS 0x0000000706200000, 0x0000000706200000| Untracked 
|  39|0x0000000706400000, 0x0000000706400000, 0x0000000706600000|  0%| F|  |TAMS 0x0000000706400000, 0x0000000706400000| Untracked 
|  40|0x0000000706600000, 0x0000000706600000, 0x0000000706800000|  0%| F|  |TAMS 0x0000000706600000, 0x0000000706600000| Untracked 
|  41|0x0000000706800000, 0x0000000706800000, 0x0000000706a00000|  0%| F|  |TAMS 0x0000000706800000, 0x0000000706800000| Untracked 
|  42|0x0000000706a00000, 0x0000000706a00000, 0x0000000706c00000|  0%| F|  |TAMS 0x0000000706a00000, 0x0000000706a00000| Untracked 
|  43|0x0000000706c00000, 0x0000000706c00000, 0x0000000706e00000|  0%| F|  |TAMS 0x0000000706c00000, 0x0000000706c00000| Untracked 
|  44|0x0000000706e00000, 0x0000000706e00000, 0x0000000707000000|  0%| F|  |TAMS 0x0000000706e00000, 0x0000000706e00000| Untracked 
|  45|0x0000000707000000, 0x0000000707000000, 0x0000000707200000|  0%| F|  |TAMS 0x0000000707000000, 0x0000000707000000| Untracked 
|  46|0x0000000707200000, 0x0000000707200000, 0x0000000707400000|  0%| F|  |TAMS 0x0000000707200000, 0x0000000707200000| Untracked 
|  47|0x0000000707400000, 0x00000007075adc00, 0x0000000707600000| 83%| S|CS|TAMS 0x0000000707400000, 0x0000000707400000| Complete 
|  48|0x0000000707600000, 0x0000000707800000, 0x0000000707800000|100%| S|CS|TAMS 0x0000000707600000, 0x0000000707600000| Complete 
|  49|0x0000000707800000, 0x0000000707a00000, 0x0000000707a00000|100%| S|CS|TAMS 0x0000000707800000, 0x0000000707800000| Complete 
|  50|0x0000000707a00000, 0x0000000707c00000, 0x0000000707c00000|100%| S|CS|TAMS 0x0000000707a00000, 0x0000000707a00000| Complete 
|  51|0x0000000707c00000, 0x0000000707e00000, 0x0000000707e00000|100%| S|CS|TAMS 0x0000000707c00000, 0x0000000707c00000| Complete 
|  52|0x0000000707e00000, 0x0000000707e00000, 0x0000000708000000|  0%| F|  |TAMS 0x0000000707e00000, 0x0000000707e00000| Untracked 
|  53|0x0000000708000000, 0x0000000708000000, 0x0000000708200000|  0%| F|  |TAMS 0x0000000708000000, 0x0000000708000000| Untracked 
|  54|0x0000000708200000, 0x0000000708200000, 0x0000000708400000|  0%| F|  |TAMS 0x0000000708200000, 0x0000000708200000| Untracked 
|  55|0x0000000708400000, 0x0000000708400000, 0x0000000708600000|  0%| F|  |TAMS 0x0000000708400000, 0x0000000708400000| Untracked 
|  56|0x0000000708600000, 0x0000000708600000, 0x0000000708800000|  0%| F|  |TAMS 0x0000000708600000, 0x0000000708600000| Untracked 
|  57|0x0000000708800000, 0x0000000708800000, 0x0000000708a00000|  0%| F|  |TAMS 0x0000000708800000, 0x0000000708800000| Untracked 
|  58|0x0000000708a00000, 0x0000000708a00000, 0x0000000708c00000|  0%| F|  |TAMS 0x0000000708a00000, 0x0000000708a00000| Untracked 
|  59|0x0000000708c00000, 0x0000000708c00000, 0x0000000708e00000|  0%| F|  |TAMS 0x0000000708c00000, 0x0000000708c00000| Untracked 
|  60|0x0000000708e00000, 0x0000000708e00000, 0x0000000709000000|  0%| F|  |TAMS 0x0000000708e00000, 0x0000000708e00000| Untracked 
|  61|0x0000000709000000, 0x0000000709000000, 0x0000000709200000|  0%| F|  |TAMS 0x0000000709000000, 0x0000000709000000| Untracked 
|  62|0x0000000709200000, 0x0000000709200000, 0x0000000709400000|  0%| F|  |TAMS 0x0000000709200000, 0x0000000709200000| Untracked 
|  63|0x0000000709400000, 0x0000000709400000, 0x0000000709600000|  0%| F|  |TAMS 0x0000000709400000, 0x0000000709400000| Untracked 
|  64|0x0000000709600000, 0x0000000709600000, 0x0000000709800000|  0%| F|  |TAMS 0x0000000709600000, 0x0000000709600000| Untracked 
|  65|0x0000000709800000, 0x0000000709800000, 0x0000000709a00000|  0%| F|  |TAMS 0x0000000709800000, 0x0000000709800000| Untracked 
|  66|0x0000000709a00000, 0x0000000709a00000, 0x0000000709c00000|  0%| F|  |TAMS 0x0000000709a00000, 0x0000000709a00000| Untracked 
|  67|0x0000000709c00000, 0x0000000709c00000, 0x0000000709e00000|  0%| F|  |TAMS 0x0000000709c00000, 0x0000000709c00000| Untracked 
|  68|0x0000000709e00000, 0x0000000709e00000, 0x000000070a000000|  0%| F|  |TAMS 0x0000000709e00000, 0x0000000709e00000| Untracked 
|  69|0x000000070a000000, 0x000000070a000000, 0x000000070a200000|  0%| F|  |TAMS 0x000000070a000000, 0x000000070a000000| Untracked 
|  70|0x000000070a200000, 0x000000070a200000, 0x000000070a400000|  0%| F|  |TAMS 0x000000070a200000, 0x000000070a200000| Untracked 
|  71|0x000000070a400000, 0x000000070a400000, 0x000000070a600000|  0%| F|  |TAMS 0x000000070a400000, 0x000000070a400000| Untracked 
|  72|0x000000070a600000, 0x000000070a600000, 0x000000070a800000|  0%| F|  |TAMS 0x000000070a600000, 0x000000070a600000| Untracked 
|  73|0x000000070a800000, 0x000000070a800000, 0x000000070aa00000|  0%| F|  |TAMS 0x000000070a800000, 0x000000070a800000| Untracked 
|  74|0x000000070aa00000, 0x000000070aa00000, 0x000000070ac00000|  0%| F|  |TAMS 0x000000070aa00000, 0x000000070aa00000| Untracked 
|  75|0x000000070ac00000, 0x000000070ac00000, 0x000000070ae00000|  0%| F|  |TAMS 0x000000070ac00000, 0x000000070ac00000| Untracked 
|  76|0x000000070ae00000, 0x000000070ae00000, 0x000000070b000000|  0%| F|  |TAMS 0x000000070ae00000, 0x000000070ae00000| Untracked 
|  77|0x000000070b000000, 0x000000070b000000, 0x000000070b200000|  0%| F|  |TAMS 0x000000070b000000, 0x000000070b000000| Untracked 
|  78|0x000000070b200000, 0x000000070b200000, 0x000000070b400000|  0%| F|  |TAMS 0x000000070b200000, 0x000000070b200000| Untracked 
|  79|0x000000070b400000, 0x000000070b400000, 0x000000070b600000|  0%| F|  |TAMS 0x000000070b400000, 0x000000070b400000| Untracked 
|  80|0x000000070b600000, 0x000000070b600000, 0x000000070b800000|  0%| F|  |TAMS 0x000000070b600000, 0x000000070b600000| Untracked 
|  81|0x000000070b800000, 0x000000070b800000, 0x000000070ba00000|  0%| F|  |TAMS 0x000000070b800000, 0x000000070b800000| Untracked 
|  82|0x000000070ba00000, 0x000000070ba00000, 0x000000070bc00000|  0%| F|  |TAMS 0x000000070ba00000, 0x000000070ba00000| Untracked 
|  83|0x000000070bc00000, 0x000000070bc00000, 0x000000070be00000|  0%| F|  |TAMS 0x000000070bc00000, 0x000000070bc00000| Untracked 
|  84|0x000000070be00000, 0x000000070be00000, 0x000000070c000000|  0%| F|  |TAMS 0x000000070be00000, 0x000000070be00000| Untracked 
|  85|0x000000070c000000, 0x000000070c000000, 0x000000070c200000|  0%| F|  |TAMS 0x000000070c000000, 0x000000070c000000| Untracked 
|  86|0x000000070c200000, 0x000000070c200000, 0x000000070c400000|  0%| F|  |TAMS 0x000000070c200000, 0x000000070c200000| Untracked 
|  87|0x000000070c400000, 0x000000070c400000, 0x000000070c600000|  0%| F|  |TAMS 0x000000070c400000, 0x000000070c400000| Untracked 
|  88|0x000000070c600000, 0x000000070c600000, 0x000000070c800000|  0%| F|  |TAMS 0x000000070c600000, 0x000000070c600000| Untracked 
|  89|0x000000070c800000, 0x000000070c800000, 0x000000070ca00000|  0%| F|  |TAMS 0x000000070c800000, 0x000000070c800000| Untracked 
|  90|0x000000070ca00000, 0x000000070ca00000, 0x000000070cc00000|  0%| F|  |TAMS 0x000000070ca00000, 0x000000070ca00000| Untracked 
|  91|0x000000070cc00000, 0x000000070cc00000, 0x000000070ce00000|  0%| F|  |TAMS 0x000000070cc00000, 0x000000070cc00000| Untracked 
|  92|0x000000070ce00000, 0x000000070ce00000, 0x000000070d000000|  0%| F|  |TAMS 0x000000070ce00000, 0x000000070ce00000| Untracked 
|  93|0x000000070d000000, 0x000000070d000000, 0x000000070d200000|  0%| F|  |TAMS 0x000000070d000000, 0x000000070d000000| Untracked 
|  94|0x000000070d200000, 0x000000070d200000, 0x000000070d400000|  0%| F|  |TAMS 0x000000070d200000, 0x000000070d200000| Untracked 
|  95|0x000000070d400000, 0x000000070d400000, 0x000000070d600000|  0%| F|  |TAMS 0x000000070d400000, 0x000000070d400000| Untracked 
|  96|0x000000070d600000, 0x000000070d600000, 0x000000070d800000|  0%| F|  |TAMS 0x000000070d600000, 0x000000070d600000| Untracked 
|  97|0x000000070d800000, 0x000000070d800000, 0x000000070da00000|  0%| F|  |TAMS 0x000000070d800000, 0x000000070d800000| Untracked 
|  98|0x000000070da00000, 0x000000070da00000, 0x000000070dc00000|  0%| F|  |TAMS 0x000000070da00000, 0x000000070da00000| Untracked 
|  99|0x000000070dc00000, 0x000000070dc00000, 0x000000070de00000|  0%| F|  |TAMS 0x000000070dc00000, 0x000000070dc00000| Untracked 
| 100|0x000000070de00000, 0x000000070de00000, 0x000000070e000000|  0%| F|  |TAMS 0x000000070de00000, 0x000000070de00000| Untracked 
| 101|0x000000070e000000, 0x000000070e000000, 0x000000070e200000|  0%| F|  |TAMS 0x000000070e000000, 0x000000070e000000| Untracked 
| 102|0x000000070e200000, 0x000000070e200000, 0x000000070e400000|  0%| F|  |TAMS 0x000000070e200000, 0x000000070e200000| Untracked 
| 103|0x000000070e400000, 0x000000070e400000, 0x000000070e600000|  0%| F|  |TAMS 0x000000070e400000, 0x000000070e400000| Untracked 
| 104|0x000000070e600000, 0x000000070e600000, 0x000000070e800000|  0%| F|  |TAMS 0x000000070e600000, 0x000000070e600000| Untracked 
| 105|0x000000070e800000, 0x000000070e800000, 0x000000070ea00000|  0%| F|  |TAMS 0x000000070e800000, 0x000000070e800000| Untracked 
| 106|0x000000070ea00000, 0x000000070ea00000, 0x000000070ec00000|  0%| F|  |TAMS 0x000000070ea00000, 0x000000070ea00000| Untracked 
| 107|0x000000070ec00000, 0x000000070ec00000, 0x000000070ee00000|  0%| F|  |TAMS 0x000000070ec00000, 0x000000070ec00000| Untracked 
| 108|0x000000070ee00000, 0x000000070ee00000, 0x000000070f000000|  0%| F|  |TAMS 0x000000070ee00000, 0x000000070ee00000| Untracked 
| 109|0x000000070f000000, 0x000000070f000000, 0x000000070f200000|  0%| F|  |TAMS 0x000000070f000000, 0x000000070f000000| Untracked 
| 110|0x000000070f200000, 0x000000070f200000, 0x000000070f400000|  0%| F|  |TAMS 0x000000070f200000, 0x000000070f200000| Untracked 
| 111|0x000000070f400000, 0x000000070f400000, 0x000000070f600000|  0%| F|  |TAMS 0x000000070f400000, 0x000000070f400000| Untracked 
| 112|0x000000070f600000, 0x000000070f600000, 0x000000070f800000|  0%| F|  |TAMS 0x000000070f600000, 0x000000070f600000| Untracked 
| 113|0x000000070f800000, 0x000000070f800000, 0x000000070fa00000|  0%| F|  |TAMS 0x000000070f800000, 0x000000070f800000| Untracked 
| 114|0x000000070fa00000, 0x000000070fa00000, 0x000000070fc00000|  0%| F|  |TAMS 0x000000070fa00000, 0x000000070fa00000| Untracked 
| 115|0x000000070fc00000, 0x000000070fc00000, 0x000000070fe00000|  0%| F|  |TAMS 0x000000070fc00000, 0x000000070fc00000| Untracked 
| 116|0x000000070fe00000, 0x000000070fe00000, 0x0000000710000000|  0%| F|  |TAMS 0x000000070fe00000, 0x000000070fe00000| Untracked 
| 117|0x0000000710000000, 0x0000000710200000, 0x0000000710200000|100%| E|  |TAMS 0x0000000710000000, 0x0000000710000000| Complete 
| 118|0x0000000710200000, 0x0000000710400000, 0x0000000710400000|100%| E|CS|TAMS 0x0000000710200000, 0x0000000710200000| Complete 
| 119|0x0000000710400000, 0x0000000710600000, 0x0000000710600000|100%| E|CS|TAMS 0x0000000710400000, 0x0000000710400000| Complete 
| 120|0x0000000710600000, 0x0000000710800000, 0x0000000710800000|100%| E|CS|TAMS 0x0000000710600000, 0x0000000710600000| Complete 
| 121|0x0000000710800000, 0x0000000710a00000, 0x0000000710a00000|100%| E|CS|TAMS 0x0000000710800000, 0x0000000710800000| Complete 
| 122|0x0000000710a00000, 0x0000000710c00000, 0x0000000710c00000|100%| E|CS|TAMS 0x0000000710a00000, 0x0000000710a00000| Complete 
| 123|0x0000000710c00000, 0x0000000710e00000, 0x0000000710e00000|100%| E|CS|TAMS 0x0000000710c00000, 0x0000000710c00000| Complete 
| 124|0x0000000710e00000, 0x0000000711000000, 0x0000000711000000|100%| E|CS|TAMS 0x0000000710e00000, 0x0000000710e00000| Complete 
| 125|0x0000000711000000, 0x0000000711200000, 0x0000000711200000|100%| E|CS|TAMS 0x0000000711000000, 0x0000000711000000| Complete 
| 126|0x0000000711200000, 0x0000000711400000, 0x0000000711400000|100%| E|CS|TAMS 0x0000000711200000, 0x0000000711200000| Complete 
| 127|0x0000000711400000, 0x0000000711600000, 0x0000000711600000|100%| E|CS|TAMS 0x0000000711400000, 0x0000000711400000| Complete 

Card table byte_map: [0x0000026adecf0000,0x0000026adf4f0000] _byte_map_base: 0x0000026adb4e5000

Marking Bits (Prev, Next): (CMBitMap*) 0x0000026ac6fd56a0, (CMBitMap*) 0x0000026ac6fd56e0
 Prev Bits: [0x0000026adfcf0000, 0x0000026ae3c98000)
 Next Bits: [0x0000026ae3ca0000, 0x0000026ae7c48000)

Polling page: 0x0000026ac4f10000

Metaspace:

Usage:
  Non-class:     17.82 MB capacity,    17.43 MB ( 98%) used,   373.67 KB (  2%) free+waste,    23.56 KB ( <1%) overhead. 
      Class:      2.39 MB capacity,     2.15 MB ( 90%) used,   231.16 KB (  9%) free+waste,    10.00 KB ( <1%) overhead. 
       Both:     20.21 MB capacity,    19.59 MB ( 97%) used,   604.83 KB (  3%) free+waste,    33.56 KB ( <1%) overhead. 

Virtual space:
  Non-class space:       18.00 MB reserved,      18.00 MB (100%) committed 
      Class space:        1.00 GB reserved,       2.50 MB ( <1%) committed 
             Both:        1.02 GB reserved,      20.50 MB (  2%) committed 

Chunk freelists:
   Non-Class:  56.00 KB
       Class:  17.00 KB
        Both:  73.00 KB

MaxMetaspaceSize: 17179869184.00 GB
CompressedClassSpaceSize: 1.00 GB

CodeHeap 'non-profiled nmethods': size=120000Kb used=2696Kb max_used=2696Kb free=117303Kb
 bounds [0x0000026ad6c90000, 0x0000026ad6f40000, 0x0000026ade1c0000]
CodeHeap 'profiled nmethods': size=120000Kb used=10280Kb max_used=10280Kb free=109719Kb
 bounds [0x0000026acf760000, 0x0000026ad0170000, 0x0000026ad6c90000]
CodeHeap 'non-nmethods': size=5760Kb used=1224Kb max_used=1266Kb free=4536Kb
 bounds [0x0000026acf1c0000, 0x0000026acf430000, 0x0000026acf760000]
 total_blobs=5216 nmethods=4726 adapters=402
 compilation: enabled
              stopped_count=0, restarted_count=0
 full_count=0

Compilation events (20 events):
Event: 6.132 Thread 0x0000026aeafe2700 4719       1       jdk.internal.reflect.DelegatingMethodAccessorImpl::setDelegate (6 bytes)
Event: 6.132 Thread 0x0000026aeafe2700 nmethod 4719 0x0000026ad6f31510 code [0x0000026ad6f316a0, 0x0000026ad6f317b8]
Event: 6.132 Thread 0x0000026aeafe2700 4721       1       java.lang.reflect.Method::getMethodAccessor (5 bytes)
Event: 6.132 Thread 0x0000026aeafe2700 nmethod 4721 0x0000026ad6f31810 code [0x0000026ad6f319a0, 0x0000026ad6f31a58]
Event: 6.132 Thread 0x0000026aeafe2700 4722       1       jdk.internal.reflect.NativeMethodAccessorImpl::setParent (6 bytes)
Event: 6.132 Thread 0x0000026aeafe2700 nmethod 4722 0x0000026ad6f31b10 code [0x0000026ad6f31ca0, 0x0000026ad6f31db8]
Event: 6.132 Thread 0x0000026aeafe2700 4716       3       org.eclipse.sisu.inject.RankedSequence$Itr::hasNext (116 bytes)
Event: 6.133 Thread 0x0000026aeafe2700 nmethod 4716 0x0000026ad0160e10 code [0x0000026ad0161000, 0x0000026ad0161628]
Event: 6.135 Thread 0x0000026aeafe2700 4724  s    2       org.fusesource.jansi.AnsiPrintStream::filter (948 bytes)
Event: 6.137 Thread 0x0000026aeafe2700 nmethod 4724 0x0000026ad0161810 code [0x0000026ad0161c20, 0x0000026ad0162e98]
Event: 6.156 Thread 0x0000026aeafe2700 4725       1       org.codehaus.plexus.util.MatchPattern::getTokenizedPathString (5 bytes)
Event: 6.156 Thread 0x0000026aeafe2700 nmethod 4725 0x0000026ad6f31e10 code [0x0000026ad6f31fa0, 0x0000026ad6f32058]
Event: 6.156 Thread 0x0000026aeafe2700 4727       3       org.codehaus.plexus.util.SelectorUtils::matchAntPathPattern (435 bytes)
Event: 6.159 Thread 0x0000026aeafe2700 nmethod 4727 0x0000026ad0163810 code [0x0000026ad0163b00, 0x0000026ad0164ce8]
Event: 6.159 Thread 0x0000026aeafe2700 4728       3       org.codehaus.plexus.util.SelectorUtils::match (547 bytes)
Event: 6.161 Thread 0x0000026aeafe2700 nmethod 4728 0x0000026ad0165490 code [0x0000026ad01657c0, 0x0000026ad0166fb8]
Event: 6.161 Thread 0x0000026aeafe2700 4726       3       org.codehaus.plexus.util.MatchPattern::matchPath (26 bytes)
Event: 6.162 Thread 0x0000026aeafe2700 nmethod 4726 0x0000026ad0167810 code [0x0000026ad0167a00, 0x0000026ad0167e78]
Event: 6.163 Thread 0x0000026aeafe2700 4729       3       org.codehaus.plexus.util.SelectorUtils::equals (37 bytes)
Event: 6.163 Thread 0x0000026aeafe2700 nmethod 4729 0x0000026ad0168090 code [0x0000026ad0168260, 0x0000026ad01684d8]

GC Heap History (6 events):
Event: 0.867 GC heap before
{Heap before GC invocations=0 (full 0):
 garbage-first heap   total 262144K, used 22528K [0x0000000701600000, 0x0000000800000000)
  region size 2048K, 11 young (22528K), 0 survivors (0K)
 Metaspace       used 5113K, capacity 7734K, committed 7808K, reserved 1056768K
  class space    used 585K, capacity 854K, committed 896K, reserved 1048576K
}
Event: 0.871 GC heap after
{Heap after GC invocations=1 (full 0):
 garbage-first heap   total 262144K, used 3538K [0x0000000701600000, 0x0000000800000000)
  region size 2048K, 2 young (4096K), 2 survivors (4096K)
 Metaspace       used 5113K, capacity 7734K, committed 7808K, reserved 1056768K
  class space    used 585K, capacity 854K, committed 896K, reserved 1048576K
}
Event: 1.446 GC heap before
{Heap before GC invocations=1 (full 0):
 garbage-first heap   total 262144K, used 30162K [0x0000000701600000, 0x0000000800000000)
  region size 2048K, 15 young (30720K), 2 survivors (4096K)
 Metaspace       used 9062K, capacity 11254K, committed 11392K, reserved 1058816K
  class space    used 1066K, capacity 1317K, committed 1408K, reserved 1048576K
}
Event: 1.451 GC heap after
{Heap after GC invocations=2 (full 0):
 garbage-first heap   total 262144K, used 5131K [0x0000000701600000, 0x0000000800000000)
  region size 2048K, 1 young (2048K), 1 survivors (2048K)
 Metaspace       used 9062K, capacity 11254K, committed 11392K, reserved 1058816K
  class space    used 1066K, capacity 1317K, committed 1408K, reserved 1048576K
}
Event: 5.715 GC heap before
{Heap before GC invocations=2 (full 0):
 garbage-first heap   total 262144K, used 158731K [0x0000000701600000, 0x0000000800000000)
  region size 2048K, 76 young (155648K), 1 survivors (2048K)
 Metaspace       used 17296K, capacity 18547K, committed 18816K, reserved 1067008K
  class space    used 1878K, capacity 2157K, committed 2176K, reserved 1048576K
}
Event: 5.725 GC heap after
{Heap after GC invocations=3 (full 0):
 garbage-first heap   total 262144K, used 13415K [0x0000000701600000, 0x0000000800000000)
  region size 2048K, 5 young (10240K), 5 survivors (10240K)
 Metaspace       used 17296K, capacity 18547K, committed 18816K, reserved 1067008K
  class space    used 1878K, capacity 2157K, committed 2176K, reserved 1048576K
}

Deoptimization events (20 events):
Event: 5.911 Thread 0x0000026ac6f84410 Uncommon trap: trap_request=0xffffff45 fr.pc=0x0000026ad6cb1f24 relative=0x0000000000000184
Event: 5.911 Thread 0x0000026ac6f84410 Uncommon trap: reason=unstable_if action=reinterpret pc=0x0000026ad6cb1f24 method=java.lang.String.equals(Ljava/lang/Object;)Z @ 33 c2
Event: 5.911 Thread 0x0000026ac6f84410 DEOPT PACKING pc=0x0000026ad6cb1f24 sp=0x000000a3fa1fb2f0
Event: 5.911 Thread 0x0000026ac6f84410 DEOPT UNPACKING pc=0x0000026acf20e42f sp=0x000000a3fa1fb290 mode 2
Event: 5.915 Thread 0x0000026ac6f84410 Uncommon trap: trap_request=0xffffff45 fr.pc=0x0000026ad6cdf944 relative=0x00000000000000a4
Event: 5.915 Thread 0x0000026ac6f84410 Uncommon trap: reason=unstable_if action=reinterpret pc=0x0000026ad6cdf944 method=java.nio.Buffer.limit(I)Ljava/nio/Buffer; @ 42 c2
Event: 5.915 Thread 0x0000026ac6f84410 DEOPT PACKING pc=0x0000026ad6cdf944 sp=0x000000a3fa1fa5e0
Event: 5.915 Thread 0x0000026ac6f84410 DEOPT UNPACKING pc=0x0000026acf20e42f sp=0x000000a3fa1fa568 mode 2
Event: 6.044 Thread 0x0000026ac6f84410 Uncommon trap: trap_request=0xffffff45 fr.pc=0x0000026ad6d8b608 relative=0x00000000000007a8
Event: 6.044 Thread 0x0000026ac6f84410 Uncommon trap: reason=unstable_if action=reinterpret pc=0x0000026ad6d8b608 method=java.util.HashMap.hash(Ljava/lang/Object;)I @ 1 c2
Event: 6.044 Thread 0x0000026ac6f84410 DEOPT PACKING pc=0x0000026ad6d8b608 sp=0x000000a3fa1fbf30
Event: 6.044 Thread 0x0000026ac6f84410 DEOPT UNPACKING pc=0x0000026acf20e42f sp=0x000000a3fa1fbeb0 mode 2
Event: 6.083 Thread 0x0000026ac6f84410 Uncommon trap: trap_request=0xffffff45 fr.pc=0x0000026ad6eabd88 relative=0x0000000000000a88
Event: 6.083 Thread 0x0000026ac6f84410 Uncommon trap: reason=unstable_if action=reinterpret pc=0x0000026ad6eabd88 method=java.io.BufferedOutputStream.write([BII)V @ 6 c2
Event: 6.083 Thread 0x0000026ac6f84410 DEOPT PACKING pc=0x0000026ad6eabd88 sp=0x000000a3fa1fb450
Event: 6.083 Thread 0x0000026ac6f84410 DEOPT UNPACKING pc=0x0000026acf20e42f sp=0x000000a3fa1fb1f0 mode 2
Event: 6.128 Thread 0x0000026ac6f84410 Uncommon trap: trap_request=0xffffffdc fr.pc=0x0000026ad6eebda8 relative=0x00000000000038a8
Event: 6.128 Thread 0x0000026ac6f84410 Uncommon trap: reason=class_check action=make_not_entrant pc=0x0000026ad6eebda8 method=java.util.ArrayList.toArray([Ljava/lang/Object;)[Ljava/lang/Object; @ 21 c2
Event: 6.128 Thread 0x0000026ac6f84410 DEOPT PACKING pc=0x0000026ad6eebda8 sp=0x000000a3fa1fdf10
Event: 6.128 Thread 0x0000026ac6f84410 DEOPT UNPACKING pc=0x0000026acf20e42f sp=0x000000a3fa1fde58 mode 2

Classes unloaded (0 events):
No events

Classes redefined (0 events):
No events

Internal exceptions (18 events):
Event: 0.593 Thread 0x0000026ac6f84410 Exception <a 'java/lang/NoSuchMethodError'{0x0000000710dbce08}: 'void java.lang.invoke.DirectMethodHandle$Holder.invokeSpecial(java.lang.Object, java.lang.Object, java.lang.Object)'> (0x0000000710dbce08) 
thrown [./open/src/hotspot/share/interpreter/linkResolver.cpp, line 782]
Event: 0.745 Thread 0x0000026ac6f84410 Exception <a 'java/lang/NoSuchMethodError'{0x0000000710703190}: 'java.lang.Object java.lang.invoke.DirectMethodHandle$Holder.newInvokeSpecial(java.lang.Object, java.lang.Object, java.lang.Object, java.lang.Object, java.lang.Object)'> (0x0000000710703190) 
thrown [./open/src/hotspot/share/interpreter/linkResolver.cpp, line 782]
Event: 1.619 Thread 0x0000026ac6f84410 Exception <a 'java/lang/NoClassDefFoundError'{0x0000000710f6d5e8}: com/google/inject/servlet/ServletModuleTargetVisitor> (0x0000000710f6d5e8) 
thrown [./open/src/hotspot/share/classfile/systemDictionary.cpp, line 284]
Event: 1.619 Thread 0x0000026ac6f84410 Exception <a 'java/lang/NoClassDefFoundError'{0x0000000710f6f470}: javax/annotation/Priority> (0x0000000710f6f470) 
thrown [./open/src/hotspot/share/classfile/systemDictionary.cpp, line 284]
Event: 1.701 Thread 0x0000026ac6f84410 Exception <a 'java/lang/NoSuchMethodError'{0x0000000710da7870}: 'void java.lang.invoke.DirectMethodHandle$Holder.invokeStatic(java.lang.Object, java.lang.Object)'> (0x0000000710da7870) 
thrown [./open/src/hotspot/share/interpreter/linkResolver.cpp, line 782]
Event: 1.701 Thread 0x0000026ac6f84410 Exception <a 'java/lang/NoSuchMethodError'{0x0000000710dac268}: 'void java.lang.invoke.DirectMethodHandle$Holder.invokeStaticInit(java.lang.Object, java.lang.Object)'> (0x0000000710dac268) 
thrown [./open/src/hotspot/share/interpreter/linkResolver.cpp, line 782]
Event: 1.709 Thread 0x0000026ac6f84410 Exception <a 'java/lang/NoSuchMethodError'{0x0000000710dd4700}: 'java.lang.Object java.lang.invoke.DirectMethodHandle$Holder.invokeStatic(java.lang.Object)'> (0x0000000710dd4700) 
thrown [./open/src/hotspot/share/interpreter/linkResolver.cpp, line 782]
Event: 1.711 Thread 0x0000026ac6f84410 Exception <a 'java/lang/NoSuchMethodError'{0x0000000710ddf7a0}: 'java.lang.Object java.lang.invoke.DirectMethodHandle$Holder.invokeStaticInit(java.lang.Object, int, int, int, int)'> (0x0000000710ddf7a0) 
thrown [./open/src/hotspot/share/interpreter/linkResolver.cpp, line 782]
Event: 2.951 Thread 0x0000026ac6f84410 Implicit null exception at 0x0000026ad6d2690b to 0x0000026ad6d26c98
Event: 2.951 Thread 0x0000026ac6f84410 Implicit null exception at 0x0000026ad6cf468b to 0x0000026ad6cf4a10
Event: 2.951 Thread 0x0000026ac6f84410 Implicit null exception at 0x0000026ad6d1ec2f to 0x0000026ad6d1eca9
Event: 4.149 Thread 0x0000026ac6f84410 Exception <a 'java/lang/NoClassDefFoundError'{0x000000070abe80b8}: org/sonatype/aether/graph/DependencyNode> (0x000000070abe80b8) 
thrown [./open/src/hotspot/share/classfile/systemDictionary.cpp, line 284]
Event: 4.181 Thread 0x0000026ac6f84410 Exception <a 'java/lang/NoClassDefFoundError'{0x000000070a634eb0}: org/codehaus/plexus/util/interpolation/ValueSource> (0x000000070a634eb0) 
thrown [./open/src/hotspot/share/classfile/systemDictionary.cpp, line 284]
Event: 4.196 Thread 0x0000026ac6f84410 Implicit null exception at 0x0000026ad6e23ba5 to 0x0000026ad6e24580
Event: 6.017 Thread 0x0000026ac6f84410 Exception <a 'java/lang/ClassNotFoundException'{0x00000007104ebac8}: sun/awt/resources/spi/awtProvider> (0x00000007104ebac8) 
thrown [./open/src/hotspot/share/classfile/systemDictionary.cpp, line 295]
Event: 6.030 Thread 0x0000026ac6f84410 Exception <a 'java/io/FileNotFoundException'{0x0000000710518b28}> (0x0000000710518b28) 
thrown [./open/src/hotspot/share/prims/jni.cpp, line 578]
Event: 6.030 Thread 0x0000026ac6f84410 Exception <a 'java/io/FileNotFoundException'{0x000000071051a328}> (0x000000071051a328) 
thrown [./open/src/hotspot/share/prims/jni.cpp, line 578]
Event: 6.044 Thread 0x0000026ac6f84410 Implicit null exception at 0x0000026ad6d8ae9b to 0x0000026ad6d8b5f4

Events (20 events):
Event: 6.065 loading class java/util/WeakHashMap$HashIterator
Event: 6.065 loading class java/util/WeakHashMap$HashIterator done
Event: 6.065 loading class java/util/WeakHashMap$KeyIterator done
Event: 6.079 loading class java/lang/ExceptionInInitializerError
Event: 6.079 loading class java/lang/ExceptionInInitializerError done
Event: 6.106 loading class javax/xml/datatype/DatatypeFactory
Event: 6.106 loading class javax/xml/datatype/DatatypeFactory done
Event: 6.106 loading class javax/xml/datatype/DatatypeConfigurationException
Event: 6.106 loading class javax/xml/datatype/DatatypeConfigurationException done
Event: 6.107 loading class javax/xml/datatype/FactoryFinder
Event: 6.107 loading class javax/xml/datatype/FactoryFinder done
Event: 6.108 loading class javax/xml/datatype/FactoryFinder$1
Event: 6.108 loading class javax/xml/datatype/FactoryFinder$1 done
Event: 6.109 loading class com/sun/org/apache/xerces/internal/jaxp/datatype/DatatypeFactoryImpl
Event: 6.110 loading class com/sun/org/apache/xerces/internal/jaxp/datatype/DatatypeFactoryImpl done
Event: 6.177 loading class sun/nio/ch/IOStatus
Event: 6.177 loading class sun/nio/ch/IOStatus done
Event: 6.178 loading class java/nio/channels/FileChannel$MapMode
Event: 6.178 loading class java/nio/channels/FileChannel$MapMode done
Event: 6.178 loading class jdk/internal/misc/ExtendedMapMode


Dynamic libraries:
0x00007ff7206c0000 - 0x00007ff7206cf000 	C:\Program Files\Java\jdk-15.0.1\bin\java.exe
0x00007ffc6aed0000 - 0x00007ffc6b0c5000 	C:\WINDOWS\SYSTEM32\ntdll.dll
0x00007ffc6abf0000 - 0x00007ffc6acad000 	C:\WINDOWS\System32\KERNEL32.DLL
0x00007ffc688d0000 - 0x00007ffc68b99000 	C:\WINDOWS\System32\KERNELBASE.dll
0x00007ffc685e0000 - 0x00007ffc686e0000 	C:\WINDOWS\System32\ucrtbase.dll
0x00007ffc5f620000 - 0x00007ffc5f638000 	C:\Program Files\Java\jdk-15.0.1\bin\jli.dll
0x00007ffc690b0000 - 0x00007ffc6915c000 	C:\WINDOWS\System32\ADVAPI32.dll
0x00007ffc68f10000 - 0x00007ffc68fae000 	C:\WINDOWS\System32\msvcrt.dll
0x00007ffc69010000 - 0x00007ffc690ab000 	C:\WINDOWS\System32\sechost.dll
0x00007ffc6a520000 - 0x00007ffc6a64a000 	C:\WINDOWS\System32\RPCRT4.dll
0x00007ffc695d0000 - 0x00007ffc69770000 	C:\WINDOWS\System32\USER32.dll
0x00007ffc68cb0000 - 0x00007ffc68cd2000 	C:\WINDOWS\System32\win32u.dll
0x00007ffc69ca0000 - 0x00007ffc69cca000 	C:\WINDOWS\System32\GDI32.dll
0x00007ffc68ba0000 - 0x00007ffc68cab000 	C:\WINDOWS\System32\gdi32full.dll
0x00007ffc68dc0000 - 0x00007ffc68e5d000 	C:\WINDOWS\System32\msvcp_win.dll
0x00007ffc58810000 - 0x00007ffc58aaa000 	C:\WINDOWS\WinSxS\amd64_microsoft.windows.common-controls_6595b64144ccf1df_6.0.19041.1110_none_60b5254171f9507e\COMCTL32.dll
0x00007ffc642d0000 - 0x00007ffc642e9000 	C:\Program Files\Java\jdk-15.0.1\bin\VCRUNTIME140.dll
0x00007ffc57070000 - 0x00007ffc5707a000 	C:\WINDOWS\SYSTEM32\VERSION.dll
0x00007ffc69770000 - 0x00007ffc697a0000 	C:\WINDOWS\System32\IMM32.DLL
0x00007ffc65170000 - 0x00007ffc6517c000 	C:\Program Files\Java\jdk-15.0.1\bin\vcruntime140_1.dll
0x00007ffc57390000 - 0x00007ffc57421000 	C:\Program Files\Java\jdk-15.0.1\bin\msvcp140.dll
0x00007ffc16be0000 - 0x00007ffc1773e000 	C:\Program Files\Java\jdk-15.0.1\bin\server\jvm.dll
0x00007ffc69bc0000 - 0x00007ffc69bc8000 	C:\WINDOWS\System32\PSAPI.DLL
0x00007ffc51f20000 - 0x00007ffc51f29000 	C:\WINDOWS\SYSTEM32\WSOCK32.dll
0x00007ffc6adf0000 - 0x00007ffc6ae5b000 	C:\WINDOWS\System32\WS2_32.dll
0x00007ffc41520000 - 0x00007ffc41547000 	C:\WINDOWS\SYSTEM32\WINMM.dll
0x00007ffc66530000 - 0x00007ffc66542000 	C:\WINDOWS\SYSTEM32\kernel.appcore.dll
0x00007ffc641c0000 - 0x00007ffc641ca000 	C:\Program Files\Java\jdk-15.0.1\bin\jimage.dll
0x00007ffc55640000 - 0x00007ffc55824000 	C:\WINDOWS\SYSTEM32\DBGHELP.DLL
0x00007ffc553b0000 - 0x00007ffc553dc000 	C:\WINDOWS\SYSTEM32\dbgcore.DLL
0x00007ffc686e0000 - 0x00007ffc68763000 	C:\WINDOWS\System32\bcryptPrimitives.dll
0x00007ffc62f80000 - 0x00007ffc62fa5000 	C:\Program Files\Java\jdk-15.0.1\bin\java.dll
0x00007ffc69d30000 - 0x00007ffc6a46f000 	C:\WINDOWS\System32\SHELL32.dll
0x00007ffc66730000 - 0x00007ffc66ec1000 	C:\WINDOWS\SYSTEM32\windows.storage.dll
0x00007ffc6a890000 - 0x00007ffc6abe5000 	C:\WINDOWS\System32\combase.dll
0x00007ffc67f80000 - 0x00007ffc67fac000 	C:\WINDOWS\SYSTEM32\Wldp.dll
0x00007ffc6a470000 - 0x00007ffc6a51e000 	C:\WINDOWS\System32\SHCORE.dll
0x00007ffc68fb0000 - 0x00007ffc69005000 	C:\WINDOWS\System32\shlwapi.dll
0x00007ffc68520000 - 0x00007ffc6853f000 	C:\WINDOWS\SYSTEM32\profapi.dll
0x00007ffc63080000 - 0x00007ffc63099000 	C:\Program Files\Java\jdk-15.0.1\bin\net.dll
0x00007ffc5fad0000 - 0x00007ffc5fbda000 	C:\WINDOWS\SYSTEM32\WINHTTP.dll
0x00007ffc67ce0000 - 0x00007ffc67d4a000 	C:\WINDOWS\system32\mswsock.dll
0x00007ffc62fd0000 - 0x00007ffc62fe2000 	C:\Program Files\Java\jdk-15.0.1\bin\nio.dll
0x00007ffc62ec0000 - 0x00007ffc62ed8000 	C:\Program Files\Java\jdk-15.0.1\bin\zip.dll
0x00007ffc63630000 - 0x00007ffc63640000 	C:\Program Files\Java\jdk-15.0.1\bin\verify.dll
0x00007ffc64220000 - 0x00007ffc6422a000 	C:\Program Files\NetBeans-12.3\netbeans\java\maven\lib\jansi-native\windows64\jansi.dll
0x00007ffc1f350000 - 0x00007ffc1f4d0000 	C:\Program Files\Java\jdk-15.0.1\bin\awt.dll
0x00007ffc69bd0000 - 0x00007ffc69c9d000 	C:\WINDOWS\System32\OLEAUT32.dll
0x00007ffc65f40000 - 0x00007ffc65fd0000 	C:\WINDOWS\SYSTEM32\apphelp.dll

dbghelp: loaded successfully - version: 4.0.5 - missing functions: none
symbol engine: initialized successfully - sym options: 0x614 - pdb path: .;C:\Program Files\Java\jdk-15.0.1\bin;C:\WINDOWS\SYSTEM32;C:\WINDOWS\WinSxS\amd64_microsoft.windows.common-controls_6595b64144ccf1df_6.0.19041.1110_none_60b5254171f9507e;C:\Program Files\Java\jdk-15.0.1\bin\server;C:\Program Files\NetBeans-12.3\netbeans\java\maven\lib\jansi-native\windows64

VM Arguments:
jvm_args: -Dclassworlds.conf=C:\Program Files\NetBeans-12.3\netbeans\java\maven\bin\..\bin\m2.conf -Dmaven.home=C:\Program Files\NetBeans-12.3\netbeans\java\maven\bin\.. -Dlibrary.jansi.path=C:\Program Files\NetBeans-12.3\netbeans\java\maven\bin\..\lib\jansi-native -Dmaven.multiModuleProjectDirectory=C:\Users\Ususario\OneDrive - Universidad Fidélitas\Documentos\U fidelitas\2021\Lenguaje de base de Datos PL SQL\Factura-Electronica-java 
java_command: org.codehaus.plexus.classworlds.launcher.Launcher -Dnetbeans.deploy.debugmode=true -Dnetbeans.deploy=true -Dmaven.ext.class.path=C:\Program Files\NetBeans-12.3\netbeans\java\maven-nblib\netbeans-eventspy.jar -Dfile.encoding=UTF-8 package
java_class_path (initial): C:\Program Files\NetBeans-12.3\netbeans\java\maven\bin\..\boot\plexus-classworlds-2.6.0.jar
Launcher Type: SUN_STANDARD

[Global flags]
     intx CICompilerCount                          = 4                                         {product} {ergonomic}
     uint ConcGCThreads                            = 2                                         {product} {ergonomic}
     uint G1ConcRefinementThreads                  = 8                                         {product} {ergonomic}
   size_t G1HeapRegionSize                         = 2097152                                   {product} {ergonomic}
    uintx GCDrainStackTargetSize                   = 64                                        {product} {ergonomic}
   size_t InitialHeapSize                          = 268435456                                 {product} {ergonomic}
   size_t MarkStackSize                            = 4194304                                   {product} {ergonomic}
   size_t MaxHeapSize                              = 4271898624                                {product} {ergonomic}
   size_t MaxNewSize                               = 2562719744                                {product} {ergonomic}
   size_t MinHeapDeltaBytes                        = 2097152                                   {product} {ergonomic}
   size_t MinHeapSize                              = 8388608                                   {product} {ergonomic}
    uintx NonNMethodCodeHeapSize                   = 5839372                                {pd product} {ergonomic}
    uintx NonProfiledCodeHeapSize                  = 122909434                              {pd product} {ergonomic}
    uintx ProfiledCodeHeapSize                     = 122909434                              {pd product} {ergonomic}
    uintx ReservedCodeCacheSize                    = 251658240                              {pd product} {ergonomic}
     bool SegmentedCodeCache                       = true                                      {product} {ergonomic}
   size_t SoftMaxHeapSize                          = 4271898624                             {manageable} {ergonomic}
     bool UseCompressedClassPointers               = true                                 {lp64_product} {ergonomic}
     bool UseCompressedOops                        = true                                 {lp64_product} {ergonomic}
     bool UseG1GC                                  = true                                      {product} {ergonomic}
     bool UseLargePagesIndividualAllocation        = false                                  {pd product} {ergonomic}

Logging:
Log output configuration:
 #0: stdout all=warning uptime,level,tags
 #1: stderr all=off uptime,level,tags

Environment Variables:
JAVA_HOME=C:\Program Files\Java\jdk-15.0.1
PATH=C:\app1\Oracle\bin;C:\Users\Ususario\Downloads\oracle\bin;C:\Program Files\Common Files\Oracle\Java\javapath;C:\WINDOWS\system32;C:\WINDOWS;C:\WINDOWS\System32\Wbem;C:\WINDOWS\System32\WindowsPowerShell\v1.0\;C:\WINDOWS\System32\OpenSSH\;C:\Program Files (x86)\AOMEI\AOMEI Backupper 5.7.0;C:\Program Files\nodejs\;C:\Program Files\Git\cmd;C:\Program Files (x86)\GitExtensions\;C:\Program Files\XAMPP\php;C:\xampp\php;C:\composer;C:\Program Files\dotnet\;C:\Program Files\Microsoft SQL Server\130\Tools\Binn\;C:\Program Files\Microsoft SQL Server\Client SDK\ODBC\170\Tools\Binn\;C:\Program Files (x86)\dotnet\;C:\Program Files\MySQL\MySQL Shell 8.0\bin\;C:\Users\Ususario\AppData\Local\Microsoft\WindowsApps;C:\Users\Ususario\AppData\Roaming\npm;C:\Program Files\nodejs;C:\Users\Ususario\AppData\Local\GitHubDesktop\bin;C:\Program Files\Git\bin;C:\Users\Ususario\AppData\Roaming\Composer\vendor\bin;C:\Users\Ususario\AppData\Local\Programs\Microsoft VS Code\bin;C:\Users\Ususario\.dotnet\tools
USERNAME=Usuario
OS=Windows_NT
PROCESSOR_IDENTIFIER=Intel64 Family 6 Model 60 Stepping 3, GenuineIntel



---------------  S Y S T E M  ---------------

OS:
 Windows 10 , 64 bit Build 19041 (10.0.19041.1023)
OS uptime: 0 days 1:52 hours

CPU: total 8 (initial active 8) (4 cores per cpu, 2 threads per core) family 6 model 60 stepping 3 microcode 0x28, cmov, cx8, fxsr, mmx, sse, sse2, sse3, ssse3, sse4.1, sse4.2, popcnt, vzeroupper, avx, avx2, aes, clmul, erms, lzcnt, ht, tsc, tscinvbit, bmi1, bmi2, fma, clflush

Memory: 4k page, system-wide physical 16289M (6654M free)
TotalPageFile size 24481M (AvailPageFile size 5285M)
current process WorkingSet (physical memory assigned to process): 312M, peak: 312M
current process commit charge ("private bytes"): 456M, peak: 456M

vm_info: Java HotSpot(TM) 64-Bit Server VM (15.0.1+9-18) for windows-amd64 JRE (15.0.1+9-18), built on Sep 15 2020 14:43:54 by "mach5one" with unknown MS VC++:1925

END.
